[00:59:50.353] Global cache location '/home/thomas/.cache/typescript/4.3', safe file path '/home/thomas/Projects/emacs/OrgRoamForceGraphReact/node_modules/typescript/lib/typingSafeList.json', types map path /home/thomas/Projects/emacs/OrgRoamForceGraphReact/node_modules/typescript/lib/typesMap.json
[00:59:50.356] Processing cache location '/home/thomas/.cache/typescript/4.3'
[00:59:50.356] Trying to find '/home/thomas/.cache/typescript/4.3/package.json'...
[00:59:50.367] Loaded content of '/home/thomas/.cache/typescript/4.3/package.json': {"private":true,"dependencies":{"types-registry":"^0.1.552"},"devDependencies":{"@types/accepts":"^1.3.5","@types/aframe":"^1.0.5","@types/argparse":"^2.0.10","@types/aria-query":"^4.2.2","@types/arr-diff":"^4.0.0","@types/arr-union":"^3.1.0","@types/array-find-index":"^1.0.0","@types/array-unique":"^0.3.0","@types/array.prototype.flat":"^1.2.1","@types/array.prototype.flatmap":"^1.2.2","@types/asap":"^2.0.0","@types/assert":"^1.5.5","@types/async":"^3.2.7","@types/atob":"^2.1.2","@types/babel-core":"^6.25.7","@types/babel-plugin-macros":"^2.8.5","@types/babel-plugin-syntax-jsx":"^6.18.0","@types/balanced-match":"^1.0.1","@types/bezier-js":"^4.1.0","@types/big.js":"^6.1.1","@types/bn.js":"^5.1.0","@types/brace-expansion":"^1.1.0","@types/braces":"^3.0.1","@types/brorand":"^1.0.30","@types/bser":"^2.0.1","@types/buffer-equal":"^1.0.0","@types/buffer-from":"^1.1.0","@types/buffer-xor":"^2.0.0","@types/bytes":"^3.1.1","@types/call-bind":"^1.0.0","@types/caniuse-lite":"^1.0.1","@types/cipher-base":"^1.0.0","@types/cli-spinners":"^1.3.0","@types/clone":"^2.1.1","@types/clone-deep":"^4.0.1","@types/color-convert":"^2.0.0","@types/color-name":"^1.1.1","@types/command-exists":"^1.2.0","@types/common-tags":"^1.8.1","@types/commondir":"^1.0.0","@types/component-emitter":"^1.2.10","@types/compressible":"^2.0.0","@types/compression":"^1.7.1","@types/concat-map":"^0.0.0","@types/connect":"^3.4.35","@types/convert-source-map":"^1.5.2","@types/core-js":"^2.5.4","@types/create-hash":"^1.2.2","@types/create-hmac":"^1.1.0","@types/create-react-class":"^15.6.3","@types/cross-spawn":"^6.0.2","@types/d3-array":"^3.0.1","@types/d3-color":"^3.0.2","@types/d3-dispatch":"^3.0.1","@types/d3-drag":"^3.0.1","@types/d3-ease":"^3.0.0","@types/d3-format":"^3.0.1","@types/d3-interpolate":"^3.0.1","@types/d3-quadtree":"^3.0.2","@types/d3-scale":"^4.0.1","@types/d3-scale-chromatic":"^3.0.0","@types/d3-selection":"^3.0.0","@types/d3-time":"^3.0.0","@types/d3-time-format":"^4.0.0","@types/d3-timer":"^3.0.0","@types/d3-transition":"^3.0.1","@types/d3-zoom":"^3.0.1","@types/damerau-levenshtein":"^1.0.0","@types/debounce":"^1.2.0","@types/debug":"^4.1.7","@types/decode-uri-component":"^0.2.0","@types/deep-assign":"^0.1.1","@types/defaults":"^1.0.3","@types/define-properties":"^1.1.3","@types/denodeify":"^1.2.31","@types/depd":"^1.1.32","@types/destroy":"^1.0.0","@types/diffie-hellman":"^5.0.0","@types/dir-glob":"^2.0.1","@types/doctrine":"^0.0.4","@types/dtype":"^2.0.0","@types/ee-first":"^1.1.0","@types/ejs":"^3.0.7","@types/elliptic":"^6.4.13","@types/encodeurl":"^1.0.0","@types/end-of-stream":"^1.4.1","@types/envinfo":"^7.8.1","@types/errorhandler":"^1.5.0","@types/es-abstract":"^1.17.3","@types/es-to-primitive":"^1.2.4","@types/escape-html":"^1.0.1","@types/eslint":"^7.28.0","@types/eslint-scope":"^3.7.1","@types/eslint-visitor-keys":"^1.0.0","@types/esprima":"^4.0.3","@types/esquery":"^1.0.2","@types/estraverse":"^5.1.1","@types/etag":"^1.8.1","@types/events":"^3.0.0","@types/fast-levenshtein":"^0.0.2","@types/fb-watchman":"^2.0.1","@types/fbjs":"^3.0.1","@types/file-entry-cache":"^5.0.2","@types/finalhandler":"^1.1.1","@types/find-cache-dir":"^3.2.1","@types/find-root":"^1.1.2","@types/flat-cache":"^2.0.0","@types/follow-redirects":"^1.13.1","@types/foreach":"^2.0.0","@types/fresh":"^0.5.0","@types/fs-extra":"^9.0.12","@types/function-bind":"^1.1.6","@types/functional-red-black-tree":"^1.0.1","@types/get-intrinsic":"^1.0.0","@types/get-value":"^3.0.2","@types/glob":"^7.1.4","@types/glob-parent":"^5.1.1","@types/glob-to-regexp":"^0.4.1","@types/graceful-fs":"^4.1.5","@types/has":"^1.0.0","@types/has-symbols":"^1.0.0","@types/hast":"^2.3.2","@types/he":"^1.1.2","@types/hoist-non-react-statics":"^3.3.1","@types/hosted-git-info":"^3.0.2","@types/http-errors":"^1.8.1","@types/hyphenate-style-name":"^1.0.0","@types/imurmurhash":"^0.1.1","@types/inherits":"^0.0.30","@types/inline-style-prefixer":"^5.0.0","@types/internal-slot":"^1.0.1","@types/interpret":"^1.1.1","@types/invariant":"^2.2.34","@types/ip":"^1.1.0","@types/is-arguments":"^1.0.0","@types/is-buffer":"^2.0.0","@types/is-callable":"^1.1.0","@types/is-ci":"^3.0.0","@types/is-core-module":"^2.2.0","@types/is-date-object":"^1.0.1","@types/is-function":"^1.0.0","@types/is-generator-function":"^1.0.1","@types/is-glob":"^4.0.2","@types/is-number":"^7.0.1","@types/is-regex":"^1.0.0","@types/is-windows":"^1.0.0","@types/isarray":"^2.0.0","@types/isexe":"^2.0.1","@types/isomorphic-fetch":"^0.0.35","@types/js-cookie":"^2.2.7","@types/js-yaml":"^4.0.2","@types/jscodeshift":"^0.11.2","@types/jsesc":"^3.0.1","@types/json-parse-better-errors":"^1.0.0","@types/jsonfile":"^6.0.1","@types/kind-of":"^6.0.0","@types/klaw":"^3.0.2","@types/language-tags":"^1.0.0","@types/loader-utils":"^2.0.3","@types/lodash":"^4.14.171","@types/lodash.clonedeep":"^4.5.6","@types/lodash.debounce":"^4.0.6","@types/lodash.frompairs":"^4.0.6","@types/lodash.isequal":"^4.5.5","@types/lodash.isstring":"^4.0.6","@types/lodash.merge":"^4.6.6","@types/lodash.mergewith":"^4.6.6","@types/lodash.omit":"^4.5.6","@types/lodash.pick":"^4.4.6","@types/lodash.sortby":"^4.7.6","@types/lodash.template":"^4.5.0","@types/lodash.throttle":"^4.1.6","@types/lodash.truncate":"^4.4.6","@types/lru-cache":"^5.1.1","@types/merge-stream":"^1.1.2","@types/merge2":"^1.3.1","@types/micromatch":"^4.0.2","@types/mime":"^2.0.3","@types/mime-db":"^1.43.1","@types/mime-types":"^2.1.0","@types/min-document":"^2.19.0","@types/minimalistic-assert":"^1.0.1","@types/minimatch":"^3.0.5","@types/minimist":"^1.2.2","@types/mkdirp":"^1.0.2","@types/ms":"^0.7.31","@types/natural-compare":"^1.4.1","@types/negotiator":"^0.6.1","@types/nice-try":"^2.1.0","@types/node-dir":"^0.0.34","@types/node-fetch":"^2.5.12","@types/node-int64":"^0.4.29","@types/normalize-package-data":"^2.4.1","@types/normalize-path":"^3.0.0","@types/object-assign":"^4.0.30","@types/object-inspect":"^1.8.1","@types/object-keys":"^1.0.1","@types/object.fromentries":"^2.0.1","@types/object.pick":"^1.3.1","@types/on-finished":"^2.3.1","@types/on-headers":"^1.0.0","@types/once":"^1.4.0","@types/os-tmpdir":"^1.0.0","@types/pako":"^1.0.2","@types/parse-json":"^4.0.0","@types/parseurl":"^1.3.1","@types/pascalcase":"^1.0.0","@types/path-is-absolute":"^1.0.0","@types/path-is-inside":"^1.0.0","@types/path-parse":"^1.0.19","@types/pbkdf2":"^3.1.0","@types/picomatch":"^2.2.6","@types/pify":"^5.0.1","@types/platform":"^1.3.4","@types/plist":"^3.0.2","@types/prelude-ls":"^1.1.29","@types/prettier":"^2.3.2","@types/progress":"^2.0.4","@types/promise-polyfill":"^6.0.4","@types/prompts":"^2.0.14","@types/prop-types":"^15.7.4","@types/pump":"^1.1.1","@types/punycode":"^2.1.0","@types/raf":"^3.4.0","@types/randombytes":"^2.0.0","@types/range-parser":"^1.2.4","@types/react":"^17.0.15","@types/react-dom":"^17.0.9","@types/react-is":"^17.0.2","@types/react-native":"^0.64.12","@types/react-native-vector-icons":"^6.4.8","@types/readable-stream":"^2.3.11","@types/rechoir":"^0.6.1","@types/regenerate":"^1.4.1","@types/regenerator-runtime":"^0.13.1","@types/repeat-element":"^1.1.0","@types/repeat-string":"^1.6.1","@types/require-directory":"^2.1.2","@types/require-from-string":"^1.2.1","@types/resolve":"^1.20.1","@types/rimraf":"^3.0.1","@types/ripemd160":"^2.0.0","@types/rsvp":"^4.0.4","@types/run-parallel":"^1.1.0","@types/safe-regex":"^1.1.3","@types/safer-buffer":"^2.1.0","@types/sane":"^2.0.1","@types/sax":"^1.2.3","@types/scheduler":"^0.16.2","@types/semver":"^7.3.8","@types/send":"^0.17.1","@types/serialize-javascript":"^5.0.1","@types/serve-static":"^1.13.10","@types/set-value":"^4.0.1","@types/setimmediate":"^1.0.2","@types/sha.js":"^2.4.0","@types/shebang-command":"^1.2.0","@types/shell-quote":"^1.7.1","@types/shelljs":"^0.8.9","@types/signal-exit":"^3.0.1","@types/slice-ansi":"^5.0.0","@types/source-list-map":"^0.1.2","@types/source-map-support":"^0.5.4","@types/spdx-correct":"^2.0.0","@types/spdx-expression-parse":"^3.0.1","@types/sprintf":"^0.1.0","@types/sprintf-js":"^1.1.2","@types/statuses":"^2.0.0","@types/stream-buffers":"^3.0.4","@types/strict-uri-encode":"^2.0.0","@types/string-hash":"^1.1.1","@types/string.prototype.matchall":"^4.0.0","@types/stringify-object":"^3.3.1","@types/strip-comments":"^2.0.1","@types/styled-jsx":"^2.2.9","@types/supports-color":"^8.1.1","@types/temp":"^0.9.1","@types/terser-webpack-plugin":"^5.0.4","@types/text-table":"^0.2.2","@types/three":"^0.130.1","@types/through2":"^2.0.36","@types/tinycolor2":"^1.4.3","@types/to-camel-case":"^1.0.0","@types/to-space-case":"^1.0.0","@types/type-check":"^0.3.27","@types/ua-parser-js":"^0.7.36","@types/uglify-es":"^3.0.0","@types/ultron":"^1.1.0","@types/universalify":"^1.0.0","@types/urix":"^0.1.0","@types/use-subscription":"^1.0.0","@types/util-deprecate":"^1.0.0","@types/utils-merge":"^0.0.28","@types/uuid":"^8.3.1","@types/validate-npm-package-license":"^3.0.1","@types/vary":"^1.1.0","@types/warning":"^3.0.0","@types/watchpack":"^1.1.7","@types/wcwidth":"^1.0.0","@types/webidl-conversions":"^6.1.1","@types/webpack-sources":"^2.1.1","@types/whatwg-url":"^8.2.1","@types/which":"^2.0.1","@types/workbox-build":"^5.0.1","@types/workbox-sw":"^4.3.2","@types/workbox-webpack-plugin":"^5.1.8","@types/wrap-ansi":"^8.0.1","@types/write-file-atomic":"^3.0.2","@types/ws":"^7.4.6","@types/xml2js":"^0.4.9","@types/xmldoc":"^1.1.6","@types/xmldom":"^0.1.31","@types/xtend":"^4.0.3","@types/yallist":"^4.0.1","@types/yargs":"^17.0.2","@types/yargs-parser":"^20.2.1"}}
[00:59:50.367] Loaded content of '/home/thomas/.cache/typescript/4.3/package-lock.json'
[00:59:50.392] Adding entry into typings cache: 'accepts' => '/home/thomas/.cache/typescript/4.3/node_modules/@types/accepts/index.d.ts'
[00:59:50.395] Adding entry into typings cache: 'aframe' => '/home/thomas/.cache/typescript/4.3/node_modules/@types/aframe/index.d.ts'
[00:59:50.399] Adding entry into typings cache: 'argparse' => '/home/thomas/.cache/typescript/4.3/node_modules/@types/argparse/index.d.ts'
[00:59:50.406] Adding entry into typings cache: 'aria-query' => '/home/thomas/.cache/typescript/4.3/node_modules/@types/aria-query/index.d.ts'
[00:59:50.418] Adding entry into typings cache: 'arr-diff' => '/home/thomas/.cache/typescript/4.3/node_modules/@types/arr-diff/index.d.ts'
[00:59:50.425] Adding entry into typings cache: 'arr-union' => '/home/thomas/.cache/typescript/4.3/node_modules/@types/arr-union/index.d.ts'
[00:59:50.428] Adding entry into typings cache: 'array-find-index' => '/home/thomas/.cache/typescript/4.3/node_modules/@types/array-find-index/index.d.ts'
[00:59:50.438] Adding entry into typings cache: 'array-unique' => '/home/thomas/.cache/typescript/4.3/node_modules/@types/array-unique/index.d.ts'
[00:59:50.440] Adding entry into typings cache: 'array.prototype.flat' => '/home/thomas/.cache/typescript/4.3/node_modules/@types/array.prototype.flat/index.d.ts'
[00:59:50.443] Adding entry into typings cache: 'array.prototype.flatmap' => '/home/thomas/.cache/typescript/4.3/node_modules/@types/array.prototype.flatmap/index.d.ts'
[00:59:50.445] Adding entry into typings cache: 'asap' => '/home/thomas/.cache/typescript/4.3/node_modules/@types/asap/index.d.ts'
[00:59:50.448] Adding entry into typings cache: 'assert' => '/home/thomas/.cache/typescript/4.3/node_modules/@types/assert/index.d.ts'
[00:59:50.452] Adding entry into typings cache: 'async' => '/home/thomas/.cache/typescript/4.3/node_modules/@types/async/index.d.ts'
[00:59:50.456] Adding entry into typings cache: 'atob' => '/home/thomas/.cache/typescript/4.3/node_modules/@types/atob/index.d.ts'
[00:59:50.458] Adding entry into typings cache: 'babel-core' => '/home/thomas/.cache/typescript/4.3/node_modules/@types/babel-core/index.d.ts'
[00:59:50.464] Adding entry into typings cache: 'babel-plugin-macros' => '/home/thomas/.cache/typescript/4.3/node_modules/@types/babel-plugin-macros/index.d.ts'
[00:59:50.470] Adding entry into typings cache: 'babel-plugin-syntax-jsx' => '/home/thomas/.cache/typescript/4.3/node_modules/@types/babel-plugin-syntax-jsx/index.d.ts'
[00:59:50.472] Adding entry into typings cache: 'balanced-match' => '/home/thomas/.cache/typescript/4.3/node_modules/@types/balanced-match/index.d.ts'
[00:59:50.474] Adding entry into typings cache: 'bezier-js' => '/home/thomas/.cache/typescript/4.3/node_modules/@types/bezier-js/index.d.ts'
[00:59:50.477] Adding entry into typings cache: 'big.js' => '/home/thomas/.cache/typescript/4.3/node_modules/@types/big.js/index.d.ts'
[00:59:50.479] Adding entry into typings cache: 'bn.js' => '/home/thomas/.cache/typescript/4.3/node_modules/@types/bn.js/index.d.ts'
[00:59:50.481] Adding entry into typings cache: 'brace-expansion' => '/home/thomas/.cache/typescript/4.3/node_modules/@types/brace-expansion/index.d.ts'
[00:59:50.501] Adding entry into typings cache: 'braces' => '/home/thomas/.cache/typescript/4.3/node_modules/@types/braces/index.d.ts'
[00:59:50.503] Adding entry into typings cache: 'brorand' => '/home/thomas/.cache/typescript/4.3/node_modules/@types/brorand/index.d.ts'
[00:59:50.506] Adding entry into typings cache: 'bser' => '/home/thomas/.cache/typescript/4.3/node_modules/@types/bser/index.d.ts'
[00:59:50.508] Adding entry into typings cache: 'buffer-equal' => '/home/thomas/.cache/typescript/4.3/node_modules/@types/buffer-equal/index.d.ts'
[00:59:50.511] Adding entry into typings cache: 'buffer-from' => '/home/thomas/.cache/typescript/4.3/node_modules/@types/buffer-from/index.d.ts'
[00:59:50.514] Adding entry into typings cache: 'buffer-xor' => '/home/thomas/.cache/typescript/4.3/node_modules/@types/buffer-xor/index.d.ts'
[00:59:50.516] Adding entry into typings cache: 'bytes' => '/home/thomas/.cache/typescript/4.3/node_modules/@types/bytes/index.d.ts'
[00:59:50.520] Adding entry into typings cache: 'call-bind' => '/home/thomas/.cache/typescript/4.3/node_modules/@types/call-bind/index.d.ts'
[00:59:50.525] Adding entry into typings cache: 'caniuse-lite' => '/home/thomas/.cache/typescript/4.3/node_modules/@types/caniuse-lite/index.d.ts'
[00:59:50.526] Adding entry into typings cache: 'cipher-base' => '/home/thomas/.cache/typescript/4.3/node_modules/@types/cipher-base/index.d.ts'
[00:59:50.535] Adding entry into typings cache: 'cli-spinners' => '/home/thomas/.cache/typescript/4.3/node_modules/@types/cli-spinners/index.d.ts'
[00:59:50.538] Adding entry into typings cache: 'clone' => '/home/thomas/.cache/typescript/4.3/node_modules/@types/clone/index.d.ts'
[00:59:50.540] Adding entry into typings cache: 'clone-deep' => '/home/thomas/.cache/typescript/4.3/node_modules/@types/clone-deep/index.d.ts'
[00:59:50.543] Adding entry into typings cache: 'color-convert' => '/home/thomas/.cache/typescript/4.3/node_modules/@types/color-convert/index.d.ts'
[00:59:50.545] Adding entry into typings cache: 'color-name' => '/home/thomas/.cache/typescript/4.3/node_modules/@types/color-name/index.d.ts'
[00:59:50.547] Adding entry into typings cache: 'command-exists' => '/home/thomas/.cache/typescript/4.3/node_modules/@types/command-exists/index.d.ts'
[00:59:50.551] Adding entry into typings cache: 'common-tags' => '/home/thomas/.cache/typescript/4.3/node_modules/@types/common-tags/index.d.ts'
[00:59:50.553] Adding entry into typings cache: 'commondir' => '/home/thomas/.cache/typescript/4.3/node_modules/@types/commondir/index.d.ts'
[00:59:50.557] Adding entry into typings cache: 'component-emitter' => '/home/thomas/.cache/typescript/4.3/node_modules/@types/component-emitter/index.d.ts'
[00:59:50.560] Adding entry into typings cache: 'compressible' => '/home/thomas/.cache/typescript/4.3/node_modules/@types/compressible/index.d.ts'
[00:59:50.562] Adding entry into typings cache: 'compression' => '/home/thomas/.cache/typescript/4.3/node_modules/@types/compression/index.d.ts'
[00:59:50.569] Adding entry into typings cache: 'concat-map' => '/home/thomas/.cache/typescript/4.3/node_modules/@types/concat-map/index.d.ts'
[00:59:50.574] Adding entry into typings cache: 'connect' => '/home/thomas/.cache/typescript/4.3/node_modules/@types/connect/index.d.ts'
[00:59:50.577] Adding entry into typings cache: 'convert-source-map' => '/home/thomas/.cache/typescript/4.3/node_modules/@types/convert-source-map/index.d.ts'
[00:59:50.579] Adding entry into typings cache: 'core-js' => '/home/thomas/.cache/typescript/4.3/node_modules/@types/core-js/index.d.ts'
[00:59:50.591] Adding entry into typings cache: 'create-hash' => '/home/thomas/.cache/typescript/4.3/node_modules/@types/create-hash/index.d.ts'
[00:59:50.594] Adding entry into typings cache: 'create-hmac' => '/home/thomas/.cache/typescript/4.3/node_modules/@types/create-hmac/index.d.ts'
[00:59:50.596] Adding entry into typings cache: 'create-react-class' => '/home/thomas/.cache/typescript/4.3/node_modules/@types/create-react-class/index.d.ts'
[00:59:50.599] Adding entry into typings cache: 'cross-spawn' => '/home/thomas/.cache/typescript/4.3/node_modules/@types/cross-spawn/index.d.ts'
[00:59:50.604] Adding entry into typings cache: 'd3-array' => '/home/thomas/.cache/typescript/4.3/node_modules/@types/d3-array/index.d.ts'
[00:59:50.612] Adding entry into typings cache: 'd3-color' => '/home/thomas/.cache/typescript/4.3/node_modules/@types/d3-color/index.d.ts'
[00:59:50.619] Adding entry into typings cache: 'd3-dispatch' => '/home/thomas/.cache/typescript/4.3/node_modules/@types/d3-dispatch/index.d.ts'
[00:59:50.621] Adding entry into typings cache: 'd3-drag' => '/home/thomas/.cache/typescript/4.3/node_modules/@types/d3-drag/index.d.ts'
[00:59:50.625] Adding entry into typings cache: 'd3-ease' => '/home/thomas/.cache/typescript/4.3/node_modules/@types/d3-ease/index.d.ts'
[00:59:50.629] Adding entry into typings cache: 'd3-format' => '/home/thomas/.cache/typescript/4.3/node_modules/@types/d3-format/index.d.ts'
[00:59:50.632] Adding entry into typings cache: 'd3-interpolate' => '/home/thomas/.cache/typescript/4.3/node_modules/@types/d3-interpolate/index.d.ts'
[00:59:50.635] Adding entry into typings cache: 'd3-quadtree' => '/home/thomas/.cache/typescript/4.3/node_modules/@types/d3-quadtree/index.d.ts'
[00:59:50.637] Adding entry into typings cache: 'd3-scale' => '/home/thomas/.cache/typescript/4.3/node_modules/@types/d3-scale/index.d.ts'
[00:59:50.652] Adding entry into typings cache: 'd3-scale-chromatic' => '/home/thomas/.cache/typescript/4.3/node_modules/@types/d3-scale-chromatic/index.d.ts'
[00:59:50.661] Adding entry into typings cache: 'd3-selection' => '/home/thomas/.cache/typescript/4.3/node_modules/@types/d3-selection/index.d.ts'
[00:59:50.664] Adding entry into typings cache: 'd3-time' => '/home/thomas/.cache/typescript/4.3/node_modules/@types/d3-time/index.d.ts'
[00:59:50.669] Adding entry into typings cache: 'd3-time-format' => '/home/thomas/.cache/typescript/4.3/node_modules/@types/d3-time-format/index.d.ts'
[00:59:50.671] Adding entry into typings cache: 'd3-timer' => '/home/thomas/.cache/typescript/4.3/node_modules/@types/d3-timer/index.d.ts'
[00:59:50.678] Adding entry into typings cache: 'd3-transition' => '/home/thomas/.cache/typescript/4.3/node_modules/@types/d3-transition/index.d.ts'
[00:59:50.680] Adding entry into typings cache: 'd3-zoom' => '/home/thomas/.cache/typescript/4.3/node_modules/@types/d3-zoom/index.d.ts'
[00:59:50.682] Adding entry into typings cache: 'damerau-levenshtein' => '/home/thomas/.cache/typescript/4.3/node_modules/@types/damerau-levenshtein/index.d.ts'
[00:59:50.688] Adding entry into typings cache: 'debounce' => '/home/thomas/.cache/typescript/4.3/node_modules/@types/debounce/index.d.ts'
[00:59:50.697] Adding entry into typings cache: 'debug' => '/home/thomas/.cache/typescript/4.3/node_modules/@types/debug/index.d.ts'
[00:59:50.705] Adding entry into typings cache: 'decode-uri-component' => '/home/thomas/.cache/typescript/4.3/node_modules/@types/decode-uri-component/index.d.ts'
[00:59:50.707] Adding entry into typings cache: 'deep-assign' => '/home/thomas/.cache/typescript/4.3/node_modules/@types/deep-assign/index.d.ts'
[00:59:50.709] Adding entry into typings cache: 'defaults' => '/home/thomas/.cache/typescript/4.3/node_modules/@types/defaults/index.d.ts'
[00:59:50.711] Adding entry into typings cache: 'define-properties' => '/home/thomas/.cache/typescript/4.3/node_modules/@types/define-properties/index.d.ts'
[00:59:50.713] Adding entry into typings cache: 'denodeify' => '/home/thomas/.cache/typescript/4.3/node_modules/@types/denodeify/index.d.ts'
[00:59:50.717] Adding entry into typings cache: 'depd' => '/home/thomas/.cache/typescript/4.3/node_modules/@types/depd/index.d.ts'
[00:59:50.738] Adding entry into typings cache: 'destroy' => '/home/thomas/.cache/typescript/4.3/node_modules/@types/destroy/index.d.ts'
[00:59:50.741] Adding entry into typings cache: 'diffie-hellman' => '/home/thomas/.cache/typescript/4.3/node_modules/@types/diffie-hellman/index.d.ts'
[00:59:50.745] Adding entry into typings cache: 'dir-glob' => '/home/thomas/.cache/typescript/4.3/node_modules/@types/dir-glob/index.d.ts'
[00:59:50.747] Adding entry into typings cache: 'doctrine' => '/home/thomas/.cache/typescript/4.3/node_modules/@types/doctrine/index.d.ts'
[00:59:50.752] Adding entry into typings cache: 'dtype' => '/home/thomas/.cache/typescript/4.3/node_modules/@types/dtype/index.d.ts'
[00:59:50.755] Adding entry into typings cache: 'ee-first' => '/home/thomas/.cache/typescript/4.3/node_modules/@types/ee-first/index.d.ts'
[00:59:50.757] Adding entry into typings cache: 'ejs' => '/home/thomas/.cache/typescript/4.3/node_modules/@types/ejs/index.d.ts'
[00:59:50.760] Adding entry into typings cache: 'elliptic' => '/home/thomas/.cache/typescript/4.3/node_modules/@types/elliptic/index.d.ts'
[00:59:50.762] Adding entry into typings cache: 'encodeurl' => '/home/thomas/.cache/typescript/4.3/node_modules/@types/encodeurl/index.d.ts'
[00:59:50.763] Adding entry into typings cache: 'end-of-stream' => '/home/thomas/.cache/typescript/4.3/node_modules/@types/end-of-stream/index.d.ts'
[00:59:50.765] Adding entry into typings cache: 'envinfo' => '/home/thomas/.cache/typescript/4.3/node_modules/@types/envinfo/index.d.ts'
[00:59:50.766] Adding entry into typings cache: 'errorhandler' => '/home/thomas/.cache/typescript/4.3/node_modules/@types/errorhandler/index.d.ts'
[00:59:50.768] Adding entry into typings cache: 'es-abstract' => '/home/thomas/.cache/typescript/4.3/node_modules/@types/es-abstract/index.d.ts'
[00:59:50.773] Adding entry into typings cache: 'es-to-primitive' => '/home/thomas/.cache/typescript/4.3/node_modules/@types/es-to-primitive/index.d.ts'
[00:59:50.774] Adding entry into typings cache: 'escape-html' => '/home/thomas/.cache/typescript/4.3/node_modules/@types/escape-html/index.d.ts'
[00:59:50.776] Adding entry into typings cache: 'eslint' => '/home/thomas/.cache/typescript/4.3/node_modules/@types/eslint/index.d.ts'
[00:59:50.781] Adding entry into typings cache: 'eslint-scope' => '/home/thomas/.cache/typescript/4.3/node_modules/@types/eslint-scope/index.d.ts'
[00:59:50.786] Adding entry into typings cache: 'eslint-visitor-keys' => '/home/thomas/.cache/typescript/4.3/node_modules/@types/eslint-visitor-keys/index.d.ts'
[00:59:50.799] Adding entry into typings cache: 'esprima' => '/home/thomas/.cache/typescript/4.3/node_modules/@types/esprima/index.d.ts'
[00:59:50.801] Adding entry into typings cache: 'esquery' => '/home/thomas/.cache/typescript/4.3/node_modules/@types/esquery/index.d.ts'
[00:59:50.812] Adding entry into typings cache: 'estraverse' => '/home/thomas/.cache/typescript/4.3/node_modules/@types/estraverse/index.d.ts'
[00:59:50.813] Adding entry into typings cache: 'etag' => '/home/thomas/.cache/typescript/4.3/node_modules/@types/etag/index.d.ts'
[00:59:50.816] Adding entry into typings cache: 'events' => '/home/thomas/.cache/typescript/4.3/node_modules/@types/events/index.d.ts'
[00:59:50.818] Adding entry into typings cache: 'fast-levenshtein' => '/home/thomas/.cache/typescript/4.3/node_modules/@types/fast-levenshtein/index.d.ts'
[00:59:50.820] Adding entry into typings cache: 'fb-watchman' => '/home/thomas/.cache/typescript/4.3/node_modules/@types/fb-watchman/index.d.ts'
[00:59:50.821] Adding entry into typings cache: 'fbjs' => '/home/thomas/.cache/typescript/4.3/node_modules/@types/fbjs/index.d.ts'
[00:59:50.823] Adding entry into typings cache: 'file-entry-cache' => '/home/thomas/.cache/typescript/4.3/node_modules/@types/file-entry-cache/index.d.ts'
[00:59:50.824] Adding entry into typings cache: 'finalhandler' => '/home/thomas/.cache/typescript/4.3/node_modules/@types/finalhandler/index.d.ts'
[00:59:50.831] Adding entry into typings cache: 'find-cache-dir' => '/home/thomas/.cache/typescript/4.3/node_modules/@types/find-cache-dir/index.d.ts'
[00:59:50.835] Adding entry into typings cache: 'find-root' => '/home/thomas/.cache/typescript/4.3/node_modules/@types/find-root/index.d.ts'
[00:59:50.837] Adding entry into typings cache: 'flat-cache' => '/home/thomas/.cache/typescript/4.3/node_modules/@types/flat-cache/index.d.ts'
[00:59:50.839] Adding entry into typings cache: 'follow-redirects' => '/home/thomas/.cache/typescript/4.3/node_modules/@types/follow-redirects/index.d.ts'
[00:59:50.840] Adding entry into typings cache: 'foreach' => '/home/thomas/.cache/typescript/4.3/node_modules/@types/foreach/index.d.ts'
[00:59:50.841] Adding entry into typings cache: 'fresh' => '/home/thomas/.cache/typescript/4.3/node_modules/@types/fresh/index.d.ts'
[00:59:50.843] Adding entry into typings cache: 'fs-extra' => '/home/thomas/.cache/typescript/4.3/node_modules/@types/fs-extra/index.d.ts'
[00:59:50.850] Adding entry into typings cache: 'function-bind' => '/home/thomas/.cache/typescript/4.3/node_modules/@types/function-bind/index.d.ts'
[00:59:50.851] Adding entry into typings cache: 'functional-red-black-tree' => '/home/thomas/.cache/typescript/4.3/node_modules/@types/functional-red-black-tree/index.d.ts'
[00:59:50.854] Adding entry into typings cache: 'get-intrinsic' => '/home/thomas/.cache/typescript/4.3/node_modules/@types/get-intrinsic/index.d.ts'
[00:59:50.857] Adding entry into typings cache: 'get-value' => '/home/thomas/.cache/typescript/4.3/node_modules/@types/get-value/index.d.ts'
[00:59:50.858] Adding entry into typings cache: 'glob' => '/home/thomas/.cache/typescript/4.3/node_modules/@types/glob/index.d.ts'
[00:59:50.866] Adding entry into typings cache: 'glob-parent' => '/home/thomas/.cache/typescript/4.3/node_modules/@types/glob-parent/index.d.ts'
[00:59:50.869] Adding entry into typings cache: 'glob-to-regexp' => '/home/thomas/.cache/typescript/4.3/node_modules/@types/glob-to-regexp/index.d.ts'
[00:59:50.871] Adding entry into typings cache: 'graceful-fs' => '/home/thomas/.cache/typescript/4.3/node_modules/@types/graceful-fs/index.d.ts'
[00:59:50.873] Adding entry into typings cache: 'has' => '/home/thomas/.cache/typescript/4.3/node_modules/@types/has/index.d.ts'
[00:59:50.874] Adding entry into typings cache: 'has-symbols' => '/home/thomas/.cache/typescript/4.3/node_modules/@types/has-symbols/index.d.ts'
[00:59:50.875] Adding entry into typings cache: 'hast' => '/home/thomas/.cache/typescript/4.3/node_modules/@types/hast/index.d.ts'
[00:59:50.876] Adding entry into typings cache: 'he' => '/home/thomas/.cache/typescript/4.3/node_modules/@types/he/index.d.ts'
[00:59:50.879] Adding entry into typings cache: 'hoist-non-react-statics' => '/home/thomas/.cache/typescript/4.3/node_modules/@types/hoist-non-react-statics/index.d.ts'
[00:59:50.882] Adding entry into typings cache: 'hosted-git-info' => '/home/thomas/.cache/typescript/4.3/node_modules/@types/hosted-git-info/index.d.ts'
[00:59:50.886] Adding entry into typings cache: 'http-errors' => '/home/thomas/.cache/typescript/4.3/node_modules/@types/http-errors/index.d.ts'
[00:59:50.887] Adding entry into typings cache: 'hyphenate-style-name' => '/home/thomas/.cache/typescript/4.3/node_modules/@types/hyphenate-style-name/index.d.ts'
[00:59:50.888] Adding entry into typings cache: 'imurmurhash' => '/home/thomas/.cache/typescript/4.3/node_modules/@types/imurmurhash/index.d.ts'
[00:59:50.892] Adding entry into typings cache: 'inherits' => '/home/thomas/.cache/typescript/4.3/node_modules/@types/inherits/index.d.ts'
[00:59:50.893] Adding entry into typings cache: 'inline-style-prefixer' => '/home/thomas/.cache/typescript/4.3/node_modules/@types/inline-style-prefixer/index.d.ts'
[00:59:50.894] Adding entry into typings cache: 'internal-slot' => '/home/thomas/.cache/typescript/4.3/node_modules/@types/internal-slot/index.d.ts'
[00:59:50.895] Adding entry into typings cache: 'interpret' => '/home/thomas/.cache/typescript/4.3/node_modules/@types/interpret/index.d.ts'
[00:59:50.897] Adding entry into typings cache: 'invariant' => '/home/thomas/.cache/typescript/4.3/node_modules/@types/invariant/index.d.ts'
[00:59:50.899] Adding entry into typings cache: 'ip' => '/home/thomas/.cache/typescript/4.3/node_modules/@types/ip/index.d.ts'
[00:59:50.901] Adding entry into typings cache: 'is-arguments' => '/home/thomas/.cache/typescript/4.3/node_modules/@types/is-arguments/index.d.ts'
[00:59:50.905] Adding entry into typings cache: 'is-buffer' => '/home/thomas/.cache/typescript/4.3/node_modules/@types/is-buffer/index.d.ts'
[00:59:50.906] Adding entry into typings cache: 'is-callable' => '/home/thomas/.cache/typescript/4.3/node_modules/@types/is-callable/index.d.ts'
[00:59:50.907] Adding entry into typings cache: 'is-ci' => '/home/thomas/.cache/typescript/4.3/node_modules/@types/is-ci/index.d.ts'
[00:59:50.908] Adding entry into typings cache: 'is-core-module' => '/home/thomas/.cache/typescript/4.3/node_modules/@types/is-core-module/index.d.ts'
[00:59:50.909] Adding entry into typings cache: 'is-date-object' => '/home/thomas/.cache/typescript/4.3/node_modules/@types/is-date-object/index.d.ts'
[00:59:50.910] Adding entry into typings cache: 'is-function' => '/home/thomas/.cache/typescript/4.3/node_modules/@types/is-function/index.d.ts'
[00:59:50.912] Adding entry into typings cache: 'is-generator-function' => '/home/thomas/.cache/typescript/4.3/node_modules/@types/is-generator-function/index.d.ts'
[00:59:50.923] Adding entry into typings cache: 'is-glob' => '/home/thomas/.cache/typescript/4.3/node_modules/@types/is-glob/index.d.ts'
[00:59:50.934] Adding entry into typings cache: 'is-number' => '/home/thomas/.cache/typescript/4.3/node_modules/@types/is-number/index.d.ts'
[00:59:50.936] Adding entry into typings cache: 'is-regex' => '/home/thomas/.cache/typescript/4.3/node_modules/@types/is-regex/index.d.ts'
[00:59:50.943] Adding entry into typings cache: 'is-windows' => '/home/thomas/.cache/typescript/4.3/node_modules/@types/is-windows/index.d.ts'
[00:59:50.954] Adding entry into typings cache: 'isarray' => '/home/thomas/.cache/typescript/4.3/node_modules/@types/isarray/index.d.ts'
[00:59:50.955] Adding entry into typings cache: 'isexe' => '/home/thomas/.cache/typescript/4.3/node_modules/@types/isexe/index.d.ts'
[00:59:50.962] Adding entry into typings cache: 'isomorphic-fetch' => '/home/thomas/.cache/typescript/4.3/node_modules/@types/isomorphic-fetch/index.d.ts'
[00:59:50.965] Adding entry into typings cache: 'js-cookie' => '/home/thomas/.cache/typescript/4.3/node_modules/@types/js-cookie/index.d.ts'
[00:59:50.967] Adding entry into typings cache: 'js-yaml' => '/home/thomas/.cache/typescript/4.3/node_modules/@types/js-yaml/index.d.ts'
[00:59:50.970] Adding entry into typings cache: 'jscodeshift' => '/home/thomas/.cache/typescript/4.3/node_modules/@types/jscodeshift/index.d.ts'
[00:59:50.972] Adding entry into typings cache: 'jsesc' => '/home/thomas/.cache/typescript/4.3/node_modules/@types/jsesc/index.d.ts'
[00:59:50.975] Adding entry into typings cache: 'json-parse-better-errors' => '/home/thomas/.cache/typescript/4.3/node_modules/@types/json-parse-better-errors/index.d.ts'
[00:59:50.976] Adding entry into typings cache: 'jsonfile' => '/home/thomas/.cache/typescript/4.3/node_modules/@types/jsonfile/index.d.ts'
[00:59:50.980] Adding entry into typings cache: 'kind-of' => '/home/thomas/.cache/typescript/4.3/node_modules/@types/kind-of/index.d.ts'
[00:59:50.987] Adding entry into typings cache: 'klaw' => '/home/thomas/.cache/typescript/4.3/node_modules/@types/klaw/index.d.ts'
[00:59:50.988] Adding entry into typings cache: 'language-tags' => '/home/thomas/.cache/typescript/4.3/node_modules/@types/language-tags/index.d.ts'
[00:59:50.990] Adding entry into typings cache: 'loader-utils' => '/home/thomas/.cache/typescript/4.3/node_modules/@types/loader-utils/index.d.ts'
[00:59:50.993] Adding entry into typings cache: 'lodash' => '/home/thomas/.cache/typescript/4.3/node_modules/@types/lodash/index.d.ts'
[00:59:50.994] Adding entry into typings cache: 'lodash.clonedeep' => '/home/thomas/.cache/typescript/4.3/node_modules/@types/lodash.clonedeep/index.d.ts'
[00:59:50.996] Adding entry into typings cache: 'lodash.debounce' => '/home/thomas/.cache/typescript/4.3/node_modules/@types/lodash.debounce/index.d.ts'
[00:59:50.999] Adding entry into typings cache: 'lodash.frompairs' => '/home/thomas/.cache/typescript/4.3/node_modules/@types/lodash.frompairs/index.d.ts'
[00:59:51.000] Adding entry into typings cache: 'lodash.isequal' => '/home/thomas/.cache/typescript/4.3/node_modules/@types/lodash.isequal/index.d.ts'
[00:59:51.002] Adding entry into typings cache: 'lodash.isstring' => '/home/thomas/.cache/typescript/4.3/node_modules/@types/lodash.isstring/index.d.ts'
[00:59:51.003] Adding entry into typings cache: 'lodash.merge' => '/home/thomas/.cache/typescript/4.3/node_modules/@types/lodash.merge/index.d.ts'
[00:59:51.010] Adding entry into typings cache: 'lodash.mergewith' => '/home/thomas/.cache/typescript/4.3/node_modules/@types/lodash.mergewith/index.d.ts'
[00:59:51.021] Adding entry into typings cache: 'lodash.omit' => '/home/thomas/.cache/typescript/4.3/node_modules/@types/lodash.omit/index.d.ts'
[00:59:51.022] Adding entry into typings cache: 'lodash.pick' => '/home/thomas/.cache/typescript/4.3/node_modules/@types/lodash.pick/index.d.ts'
[00:59:51.024] Adding entry into typings cache: 'lodash.sortby' => '/home/thomas/.cache/typescript/4.3/node_modules/@types/lodash.sortby/index.d.ts'
[00:59:51.025] Adding entry into typings cache: 'lodash.template' => '/home/thomas/.cache/typescript/4.3/node_modules/@types/lodash.template/index.d.ts'
[00:59:51.027] Adding entry into typings cache: 'lodash.throttle' => '/home/thomas/.cache/typescript/4.3/node_modules/@types/lodash.throttle/index.d.ts'
[00:59:51.029] Adding entry into typings cache: 'lodash.truncate' => '/home/thomas/.cache/typescript/4.3/node_modules/@types/lodash.truncate/index.d.ts'
[00:59:51.031] Adding entry into typings cache: 'lru-cache' => '/home/thomas/.cache/typescript/4.3/node_modules/@types/lru-cache/index.d.ts'
[00:59:51.033] Adding entry into typings cache: 'merge-stream' => '/home/thomas/.cache/typescript/4.3/node_modules/@types/merge-stream/index.d.ts'
[00:59:51.038] Adding entry into typings cache: 'merge2' => '/home/thomas/.cache/typescript/4.3/node_modules/@types/merge2/index.d.ts'
[00:59:51.041] Adding entry into typings cache: 'micromatch' => '/home/thomas/.cache/typescript/4.3/node_modules/@types/micromatch/index.d.ts'
[00:59:51.044] Adding entry into typings cache: 'mime' => '/home/thomas/.cache/typescript/4.3/node_modules/@types/mime/index.d.ts'
[00:59:51.049] Adding entry into typings cache: 'mime-db' => '/home/thomas/.cache/typescript/4.3/node_modules/@types/mime-db/index.d.ts'
[00:59:51.056] Adding entry into typings cache: 'mime-types' => '/home/thomas/.cache/typescript/4.3/node_modules/@types/mime-types/index.d.ts'
[00:59:51.057] Adding entry into typings cache: 'min-document' => '/home/thomas/.cache/typescript/4.3/node_modules/@types/min-document/index.d.ts'
[00:59:51.059] Adding entry into typings cache: 'minimalistic-assert' => '/home/thomas/.cache/typescript/4.3/node_modules/@types/minimalistic-assert/index.d.ts'
[00:59:51.062] Adding entry into typings cache: 'minimatch' => '/home/thomas/.cache/typescript/4.3/node_modules/@types/minimatch/index.d.ts'
[00:59:51.063] Adding entry into typings cache: 'minimist' => '/home/thomas/.cache/typescript/4.3/node_modules/@types/minimist/index.d.ts'
[00:59:51.065] Adding entry into typings cache: 'mkdirp' => '/home/thomas/.cache/typescript/4.3/node_modules/@types/mkdirp/index.d.ts'
[00:59:51.070] Adding entry into typings cache: 'ms' => '/home/thomas/.cache/typescript/4.3/node_modules/@types/ms/index.d.ts'
[00:59:51.072] Adding entry into typings cache: 'natural-compare' => '/home/thomas/.cache/typescript/4.3/node_modules/@types/natural-compare/index.d.ts'
[00:59:51.073] Adding entry into typings cache: 'negotiator' => '/home/thomas/.cache/typescript/4.3/node_modules/@types/negotiator/index.d.ts'
[00:59:51.075] Adding entry into typings cache: 'nice-try' => '/home/thomas/.cache/typescript/4.3/node_modules/@types/nice-try/index.d.ts'
[00:59:51.077] Adding entry into typings cache: 'node-dir' => '/home/thomas/.cache/typescript/4.3/node_modules/@types/node-dir/index.d.ts'
[00:59:51.084] Adding entry into typings cache: 'node-fetch' => '/home/thomas/.cache/typescript/4.3/node_modules/@types/node-fetch/index.d.ts'
[00:59:51.086] Adding entry into typings cache: 'node-int64' => '/home/thomas/.cache/typescript/4.3/node_modules/@types/node-int64/index.d.ts'
[00:59:51.088] Adding entry into typings cache: 'normalize-package-data' => '/home/thomas/.cache/typescript/4.3/node_modules/@types/normalize-package-data/index.d.ts'
[00:59:51.090] Adding entry into typings cache: 'normalize-path' => '/home/thomas/.cache/typescript/4.3/node_modules/@types/normalize-path/index.d.ts'
[00:59:51.093] Adding entry into typings cache: 'object-assign' => '/home/thomas/.cache/typescript/4.3/node_modules/@types/object-assign/index.d.ts'
[00:59:51.094] Adding entry into typings cache: 'object-inspect' => '/home/thomas/.cache/typescript/4.3/node_modules/@types/object-inspect/index.d.ts'
[00:59:51.096] Adding entry into typings cache: 'object-keys' => '/home/thomas/.cache/typescript/4.3/node_modules/@types/object-keys/index.d.ts'
[00:59:51.097] Adding entry into typings cache: 'object.fromentries' => '/home/thomas/.cache/typescript/4.3/node_modules/@types/object.fromentries/index.d.ts'
[00:59:51.104] Adding entry into typings cache: 'object.pick' => '/home/thomas/.cache/typescript/4.3/node_modules/@types/object.pick/index.d.ts'
[00:59:51.106] Adding entry into typings cache: 'on-finished' => '/home/thomas/.cache/typescript/4.3/node_modules/@types/on-finished/index.d.ts'
[00:59:51.107] Adding entry into typings cache: 'on-headers' => '/home/thomas/.cache/typescript/4.3/node_modules/@types/on-headers/index.d.ts'
[00:59:51.108] Adding entry into typings cache: 'once' => '/home/thomas/.cache/typescript/4.3/node_modules/@types/once/index.d.ts'
[00:59:51.109] Adding entry into typings cache: 'os-tmpdir' => '/home/thomas/.cache/typescript/4.3/node_modules/@types/os-tmpdir/index.d.ts'
[00:59:51.110] Adding entry into typings cache: 'pako' => '/home/thomas/.cache/typescript/4.3/node_modules/@types/pako/index.d.ts'
[00:59:51.112] Adding entry into typings cache: 'parse-json' => '/home/thomas/.cache/typescript/4.3/node_modules/@types/parse-json/index.d.ts'
[00:59:51.113] Adding entry into typings cache: 'parseurl' => '/home/thomas/.cache/typescript/4.3/node_modules/@types/parseurl/index.d.ts'
[00:59:51.116] Adding entry into typings cache: 'pascalcase' => '/home/thomas/.cache/typescript/4.3/node_modules/@types/pascalcase/index.d.ts'
[00:59:51.118] Adding entry into typings cache: 'path-is-absolute' => '/home/thomas/.cache/typescript/4.3/node_modules/@types/path-is-absolute/index.d.ts'
[00:59:51.120] Adding entry into typings cache: 'path-is-inside' => '/home/thomas/.cache/typescript/4.3/node_modules/@types/path-is-inside/index.d.ts'
[00:59:51.122] Adding entry into typings cache: 'path-parse' => '/home/thomas/.cache/typescript/4.3/node_modules/@types/path-parse/index.d.ts'
[00:59:51.124] Adding entry into typings cache: 'pbkdf2' => '/home/thomas/.cache/typescript/4.3/node_modules/@types/pbkdf2/index.d.ts'
[00:59:51.132] Adding entry into typings cache: 'picomatch' => '/home/thomas/.cache/typescript/4.3/node_modules/@types/picomatch/index.d.ts'
[00:59:51.136] Adding entry into typings cache: 'pify' => '/home/thomas/.cache/typescript/4.3/node_modules/@types/pify/index.d.ts'
[00:59:51.139] Adding entry into typings cache: 'platform' => '/home/thomas/.cache/typescript/4.3/node_modules/@types/platform/index.d.ts'
[00:59:51.141] Adding entry into typings cache: 'plist' => '/home/thomas/.cache/typescript/4.3/node_modules/@types/plist/index.d.ts'
[00:59:51.142] Adding entry into typings cache: 'prelude-ls' => '/home/thomas/.cache/typescript/4.3/node_modules/@types/prelude-ls/index.d.ts'
[00:59:51.144] Adding entry into typings cache: 'prettier' => '/home/thomas/.cache/typescript/4.3/node_modules/@types/prettier/index.d.ts'
[00:59:51.145] Adding entry into typings cache: 'progress' => '/home/thomas/.cache/typescript/4.3/node_modules/@types/progress/index.d.ts'
[00:59:51.146] Adding entry into typings cache: 'promise-polyfill' => '/home/thomas/.cache/typescript/4.3/node_modules/@types/promise-polyfill/index.d.ts'
[00:59:51.157] Adding entry into typings cache: 'prompts' => '/home/thomas/.cache/typescript/4.3/node_modules/@types/prompts/index.d.ts'
[00:59:51.158] Adding entry into typings cache: 'prop-types' => '/home/thomas/.cache/typescript/4.3/node_modules/@types/prop-types/index.d.ts'
[00:59:51.160] Adding entry into typings cache: 'pump' => '/home/thomas/.cache/typescript/4.3/node_modules/@types/pump/index.d.ts'
[00:59:51.167] Adding entry into typings cache: 'punycode' => '/home/thomas/.cache/typescript/4.3/node_modules/@types/punycode/index.d.ts'
[00:59:51.172] Adding entry into typings cache: 'raf' => '/home/thomas/.cache/typescript/4.3/node_modules/@types/raf/index.d.ts'
[00:59:51.179] Adding entry into typings cache: 'randombytes' => '/home/thomas/.cache/typescript/4.3/node_modules/@types/randombytes/index.d.ts'
[00:59:51.180] Adding entry into typings cache: 'range-parser' => '/home/thomas/.cache/typescript/4.3/node_modules/@types/range-parser/index.d.ts'
[00:59:51.185] Adding entry into typings cache: 'react' => '/home/thomas/.cache/typescript/4.3/node_modules/@types/react/index.d.ts'
[00:59:51.187] Adding entry into typings cache: 'react-dom' => '/home/thomas/.cache/typescript/4.3/node_modules/@types/react-dom/index.d.ts'
[00:59:51.189] Adding entry into typings cache: 'react-is' => '/home/thomas/.cache/typescript/4.3/node_modules/@types/react-is/index.d.ts'
[00:59:51.193] Adding entry into typings cache: 'react-native' => '/home/thomas/.cache/typescript/4.3/node_modules/@types/react-native/index.d.ts'
[00:59:51.194] Adding entry into typings cache: 'react-native-vector-icons' => '/home/thomas/.cache/typescript/4.3/node_modules/@types/react-native-vector-icons/index.d.ts'
[00:59:51.198] Adding entry into typings cache: 'readable-stream' => '/home/thomas/.cache/typescript/4.3/node_modules/@types/readable-stream/index.d.ts'
[00:59:51.200] Adding entry into typings cache: 'rechoir' => '/home/thomas/.cache/typescript/4.3/node_modules/@types/rechoir/index.d.ts'
[00:59:51.203] Adding entry into typings cache: 'regenerate' => '/home/thomas/.cache/typescript/4.3/node_modules/@types/regenerate/index.d.ts'
[00:59:51.204] Adding entry into typings cache: 'regenerator-runtime' => '/home/thomas/.cache/typescript/4.3/node_modules/@types/regenerator-runtime/index.d.ts'
[00:59:51.206] Adding entry into typings cache: 'repeat-element' => '/home/thomas/.cache/typescript/4.3/node_modules/@types/repeat-element/index.d.ts'
[00:59:51.209] Adding entry into typings cache: 'repeat-string' => '/home/thomas/.cache/typescript/4.3/node_modules/@types/repeat-string/index.d.ts'
[00:59:51.209] Adding entry into typings cache: 'require-directory' => '/home/thomas/.cache/typescript/4.3/node_modules/@types/require-directory/index.d.ts'
[00:59:51.210] Adding entry into typings cache: 'require-from-string' => '/home/thomas/.cache/typescript/4.3/node_modules/@types/require-from-string/index.d.ts'
[00:59:51.211] Adding entry into typings cache: 'resolve' => '/home/thomas/.cache/typescript/4.3/node_modules/@types/resolve/index.d.ts'
[00:59:51.212] Adding entry into typings cache: 'rimraf' => '/home/thomas/.cache/typescript/4.3/node_modules/@types/rimraf/index.d.ts'
[00:59:51.212] Adding entry into typings cache: 'ripemd160' => '/home/thomas/.cache/typescript/4.3/node_modules/@types/ripemd160/index.d.ts'
[00:59:51.213] Adding entry into typings cache: 'rsvp' => '/home/thomas/.cache/typescript/4.3/node_modules/@types/rsvp/index.d.ts'
[00:59:51.214] Adding entry into typings cache: 'run-parallel' => '/home/thomas/.cache/typescript/4.3/node_modules/@types/run-parallel/index.d.ts'
[00:59:51.220] Adding entry into typings cache: 'safe-regex' => '/home/thomas/.cache/typescript/4.3/node_modules/@types/safe-regex/index.d.ts'
[00:59:51.222] Adding entry into typings cache: 'safer-buffer' => '/home/thomas/.cache/typescript/4.3/node_modules/@types/safer-buffer/index.d.ts'
[00:59:51.223] Adding entry into typings cache: 'sane' => '/home/thomas/.cache/typescript/4.3/node_modules/@types/sane/index.d.ts'
[00:59:51.224] Adding entry into typings cache: 'sax' => '/home/thomas/.cache/typescript/4.3/node_modules/@types/sax/index.d.ts'
[00:59:51.225] Adding entry into typings cache: 'scheduler' => '/home/thomas/.cache/typescript/4.3/node_modules/@types/scheduler/index.d.ts'
[00:59:51.226] Adding entry into typings cache: 'semver' => '/home/thomas/.cache/typescript/4.3/node_modules/@types/semver/index.d.ts'
[00:59:51.227] Adding entry into typings cache: 'send' => '/home/thomas/.cache/typescript/4.3/node_modules/@types/send/index.d.ts'
[00:59:51.229] Adding entry into typings cache: 'serialize-javascript' => '/home/thomas/.cache/typescript/4.3/node_modules/@types/serialize-javascript/index.d.ts'
[00:59:51.230] Adding entry into typings cache: 'serve-static' => '/home/thomas/.cache/typescript/4.3/node_modules/@types/serve-static/index.d.ts'
[00:59:51.238] Adding entry into typings cache: 'set-value' => '/home/thomas/.cache/typescript/4.3/node_modules/@types/set-value/index.d.ts'
[00:59:51.239] Adding entry into typings cache: 'setimmediate' => '/home/thomas/.cache/typescript/4.3/node_modules/@types/setimmediate/index.d.ts'
[00:59:51.240] Adding entry into typings cache: 'sha.js' => '/home/thomas/.cache/typescript/4.3/node_modules/@types/sha.js/index.d.ts'
[00:59:51.242] Adding entry into typings cache: 'shebang-command' => '/home/thomas/.cache/typescript/4.3/node_modules/@types/shebang-command/index.d.ts'
[00:59:51.243] Adding entry into typings cache: 'shell-quote' => '/home/thomas/.cache/typescript/4.3/node_modules/@types/shell-quote/index.d.ts'
[00:59:51.243] Adding entry into typings cache: 'shelljs' => '/home/thomas/.cache/typescript/4.3/node_modules/@types/shelljs/index.d.ts'
[00:59:51.246] Adding entry into typings cache: 'signal-exit' => '/home/thomas/.cache/typescript/4.3/node_modules/@types/signal-exit/index.d.ts'
[00:59:51.247] Adding entry into typings cache: 'slice-ansi' => '/home/thomas/.cache/typescript/4.3/node_modules/@types/slice-ansi/index.d.ts'
[00:59:51.252] Adding entry into typings cache: 'source-list-map' => '/home/thomas/.cache/typescript/4.3/node_modules/@types/source-list-map/index.d.ts'
[00:59:51.254] Adding entry into typings cache: 'source-map-support' => '/home/thomas/.cache/typescript/4.3/node_modules/@types/source-map-support/index.d.ts'
[00:59:51.255] Adding entry into typings cache: 'spdx-correct' => '/home/thomas/.cache/typescript/4.3/node_modules/@types/spdx-correct/index.d.ts'
[00:59:51.256] Adding entry into typings cache: 'spdx-expression-parse' => '/home/thomas/.cache/typescript/4.3/node_modules/@types/spdx-expression-parse/index.d.ts'
[00:59:51.258] Adding entry into typings cache: 'sprintf' => '/home/thomas/.cache/typescript/4.3/node_modules/@types/sprintf/index.d.ts'
[00:59:51.259] Adding entry into typings cache: 'sprintf-js' => '/home/thomas/.cache/typescript/4.3/node_modules/@types/sprintf-js/index.d.ts'
[00:59:51.259] Adding entry into typings cache: 'statuses' => '/home/thomas/.cache/typescript/4.3/node_modules/@types/statuses/index.d.ts'
[00:59:51.260] Adding entry into typings cache: 'stream-buffers' => '/home/thomas/.cache/typescript/4.3/node_modules/@types/stream-buffers/index.d.ts'
[00:59:51.261] Adding entry into typings cache: 'strict-uri-encode' => '/home/thomas/.cache/typescript/4.3/node_modules/@types/strict-uri-encode/index.d.ts'
[00:59:51.262] Adding entry into typings cache: 'string-hash' => '/home/thomas/.cache/typescript/4.3/node_modules/@types/string-hash/index.d.ts'
[00:59:51.263] Adding entry into typings cache: 'string.prototype.matchall' => '/home/thomas/.cache/typescript/4.3/node_modules/@types/string.prototype.matchall/index.d.ts'
[00:59:51.265] Adding entry into typings cache: 'stringify-object' => '/home/thomas/.cache/typescript/4.3/node_modules/@types/stringify-object/index.d.ts'
[00:59:51.266] Adding entry into typings cache: 'strip-comments' => '/home/thomas/.cache/typescript/4.3/node_modules/@types/strip-comments/index.d.ts'
[00:59:51.268] Adding entry into typings cache: 'styled-jsx' => '/home/thomas/.cache/typescript/4.3/node_modules/@types/styled-jsx/index.d.ts'
[00:59:51.270] Adding entry into typings cache: 'supports-color' => '/home/thomas/.cache/typescript/4.3/node_modules/@types/supports-color/index.d.ts'
[00:59:51.271] Adding entry into typings cache: 'temp' => '/home/thomas/.cache/typescript/4.3/node_modules/@types/temp/index.d.ts'
[00:59:51.274] Adding entry into typings cache: 'terser-webpack-plugin' => '/home/thomas/.cache/typescript/4.3/node_modules/@types/terser-webpack-plugin/index.d.ts'
[00:59:51.275] Adding entry into typings cache: 'text-table' => '/home/thomas/.cache/typescript/4.3/node_modules/@types/text-table/index.d.ts'
[00:59:51.280] Adding entry into typings cache: 'three' => '/home/thomas/.cache/typescript/4.3/node_modules/@types/three/index.d.ts'
[00:59:51.282] Adding entry into typings cache: 'through2' => '/home/thomas/.cache/typescript/4.3/node_modules/@types/through2/index.d.ts'
[00:59:51.287] Adding entry into typings cache: 'tinycolor2' => '/home/thomas/.cache/typescript/4.3/node_modules/@types/tinycolor2/index.d.ts'
[00:59:51.291] Adding entry into typings cache: 'to-camel-case' => '/home/thomas/.cache/typescript/4.3/node_modules/@types/to-camel-case/index.d.ts'
[00:59:51.292] Adding entry into typings cache: 'to-space-case' => '/home/thomas/.cache/typescript/4.3/node_modules/@types/to-space-case/index.d.ts'
[00:59:51.293] Adding entry into typings cache: 'type-check' => '/home/thomas/.cache/typescript/4.3/node_modules/@types/type-check/index.d.ts'
[00:59:51.296] Adding entry into typings cache: 'ua-parser-js' => '/home/thomas/.cache/typescript/4.3/node_modules/@types/ua-parser-js/index.d.ts'
[00:59:51.308] Adding entry into typings cache: 'uglify-es' => '/home/thomas/.cache/typescript/4.3/node_modules/@types/uglify-es/index.d.ts'
[00:59:51.309] Adding entry into typings cache: 'ultron' => '/home/thomas/.cache/typescript/4.3/node_modules/@types/ultron/index.d.ts'
[00:59:51.310] Adding entry into typings cache: 'universalify' => '/home/thomas/.cache/typescript/4.3/node_modules/@types/universalify/index.d.ts'
[00:59:51.312] Adding entry into typings cache: 'urix' => '/home/thomas/.cache/typescript/4.3/node_modules/@types/urix/index.d.ts'
[00:59:51.313] Adding entry into typings cache: 'use-subscription' => '/home/thomas/.cache/typescript/4.3/node_modules/@types/use-subscription/index.d.ts'
[00:59:51.316] Adding entry into typings cache: 'util-deprecate' => '/home/thomas/.cache/typescript/4.3/node_modules/@types/util-deprecate/index.d.ts'
[00:59:51.317] Adding entry into typings cache: 'utils-merge' => '/home/thomas/.cache/typescript/4.3/node_modules/@types/utils-merge/index.d.ts'
[00:59:51.319] Adding entry into typings cache: 'uuid' => '/home/thomas/.cache/typescript/4.3/node_modules/@types/uuid/index.d.ts'
[00:59:51.321] Adding entry into typings cache: 'validate-npm-package-license' => '/home/thomas/.cache/typescript/4.3/node_modules/@types/validate-npm-package-license/index.d.ts'
[00:59:51.322] Adding entry into typings cache: 'vary' => '/home/thomas/.cache/typescript/4.3/node_modules/@types/vary/index.d.ts'
[00:59:51.323] Adding entry into typings cache: 'warning' => '/home/thomas/.cache/typescript/4.3/node_modules/@types/warning/index.d.ts'
[00:59:51.327] Adding entry into typings cache: 'watchpack' => '/home/thomas/.cache/typescript/4.3/node_modules/@types/watchpack/index.d.ts'
[00:59:51.329] Adding entry into typings cache: 'wcwidth' => '/home/thomas/.cache/typescript/4.3/node_modules/@types/wcwidth/index.d.ts'
[00:59:51.330] Adding entry into typings cache: 'webidl-conversions' => '/home/thomas/.cache/typescript/4.3/node_modules/@types/webidl-conversions/index.d.ts'
[00:59:51.337] Adding entry into typings cache: 'webpack-sources' => '/home/thomas/.cache/typescript/4.3/node_modules/@types/webpack-sources/index.d.ts'
[00:59:51.338] Adding entry into typings cache: 'whatwg-url' => '/home/thomas/.cache/typescript/4.3/node_modules/@types/whatwg-url/index.d.ts'
[00:59:51.339] Adding entry into typings cache: 'which' => '/home/thomas/.cache/typescript/4.3/node_modules/@types/which/index.d.ts'
[00:59:51.341] Adding entry into typings cache: 'workbox-build' => '/home/thomas/.cache/typescript/4.3/node_modules/@types/workbox-build/index.d.ts'
[00:59:51.343] Adding entry into typings cache: 'workbox-sw' => '/home/thomas/.cache/typescript/4.3/node_modules/@types/workbox-sw/index.d.ts'
[00:59:51.345] Adding entry into typings cache: 'workbox-webpack-plugin' => '/home/thomas/.cache/typescript/4.3/node_modules/@types/workbox-webpack-plugin/index.d.ts'
[00:59:51.346] Adding entry into typings cache: 'wrap-ansi' => '/home/thomas/.cache/typescript/4.3/node_modules/@types/wrap-ansi/index.d.ts'
[00:59:51.350] Adding entry into typings cache: 'write-file-atomic' => '/home/thomas/.cache/typescript/4.3/node_modules/@types/write-file-atomic/index.d.ts'
[00:59:51.356] Adding entry into typings cache: 'ws' => '/home/thomas/.cache/typescript/4.3/node_modules/@types/ws/index.d.ts'
[00:59:51.358] Adding entry into typings cache: 'xml2js' => '/home/thomas/.cache/typescript/4.3/node_modules/@types/xml2js/index.d.ts'
[00:59:51.358] Adding entry into typings cache: 'xmldoc' => '/home/thomas/.cache/typescript/4.3/node_modules/@types/xmldoc/index.d.ts'
[00:59:51.360] Adding entry into typings cache: 'xmldom' => '/home/thomas/.cache/typescript/4.3/node_modules/@types/xmldom/index.d.ts'
[00:59:51.361] Adding entry into typings cache: 'xtend' => '/home/thomas/.cache/typescript/4.3/node_modules/@types/xtend/index.d.ts'
[00:59:51.362] Adding entry into typings cache: 'yallist' => '/home/thomas/.cache/typescript/4.3/node_modules/@types/yallist/index.d.ts'
[00:59:51.363] Adding entry into typings cache: 'yargs' => '/home/thomas/.cache/typescript/4.3/node_modules/@types/yargs/index.d.ts'
[00:59:51.366] Adding entry into typings cache: 'yargs-parser' => '/home/thomas/.cache/typescript/4.3/node_modules/@types/yargs-parser/index.d.ts'
[00:59:51.366] Finished processing cache location '/home/thomas/.cache/typescript/4.3'
[00:59:51.367] Process id: 136603
[00:59:51.367] NPM location: /usr/bin/npm (explicit '--npmLocation' not  provided)
[00:59:51.367] validateDefaultNpmLocation: false
[00:59:51.367] Npm config file: /home/thomas/.cache/typescript/4.3/package.json
[00:59:51.367] Updating types-registry npm package...
[00:59:51.367] Exec: /usr/bin/npm install --ignore-scripts types-registry@latest
[00:59:56.289]     Succeeded. stdout:
    
    up to date, audited 585 packages in 5s

11 packages are looking for funding
  run `npm fund` for details

3 moderate severity vulnerabilities

To address all issues (including breaking changes), run:
  npm audit fix --force

Run `npm audit` for details.

[00:59:56.289] Updated types-registry npm package
