Info 0    [00:11:51.591] Starting TS Server
Info 1    [00:11:51.592] Version: 4.3.5
Info 2    [00:11:51.592] Arguments: /home/thomas/.local/share/nvm/v15.12.0/bin/node /home/thomas/Projects/emacs/OrgRoamForceGraphReact/node_modules/.bin/tsserver --logFile /home/thomas/Projects/emacs/OrgRoamForceGraphReact/.log/tsserver.log --logVerbosity info --cancellationPipeName /tmp/79878f4120488f440ac68bbfeb1edd53/tscancellation*
Info 3    [00:11:51.592] Platform: linux NodeVersion: 15 CaseSensitive: true
Info 4    [00:11:51.592] ServerMode: undefined syntaxOnly: false hasUnknownServerMode: undefined
Info 5    [00:11:51.615] Search path: /home/thomas/Projects/emacs/OrgRoamForceGraphReact/pages
Info 6    [00:11:51.617] For info: /home/thomas/Projects/emacs/OrgRoamForceGraphReact/pages/index.tsx :: Config file name: /home/thomas/Projects/emacs/OrgRoamForceGraphReact/tsconfig.json
Info 7    [00:11:51.617] Creating configuration project /home/thomas/Projects/emacs/OrgRoamForceGraphReact/tsconfig.json
Info 8    [00:11:51.675] Config: /home/thomas/Projects/emacs/OrgRoamForceGraphReact/tsconfig.json : {
 "rootNames": [
  "/home/thomas/Projects/emacs/OrgRoamForceGraphReact/next-env.d.ts",
  "/home/thomas/Projects/emacs/OrgRoamForceGraphReact/api.d.ts",
  "/home/thomas/Projects/emacs/OrgRoamForceGraphReact/types.d.ts",
  "/home/thomas/Projects/emacs/OrgRoamForceGraphReact/components/config.ts",
  "/home/thomas/Projects/emacs/OrgRoamForceGraphReact/util/persistant-state.ts",
  "/home/thomas/Projects/emacs/OrgRoamForceGraphReact/components/tweaks.tsx",
  "/home/thomas/Projects/emacs/OrgRoamForceGraphReact/pages/_app.tsx",
  "/home/thomas/Projects/emacs/OrgRoamForceGraphReact/pages/index.tsx",
  "/home/thomas/Projects/emacs/OrgRoamForceGraphReact/util/themecontext.tsx"
 ],
 "options": {
  "target": 1,
  "lib": [
   "lib.dom.d.ts",
   "lib.dom.iterable.d.ts",
   "lib.esnext.d.ts"
  ],
  "allowJs": true,
  "skipLibCheck": true,
  "strict": true,
  "forceConsistentCasingInFileNames": true,
  "noEmit": true,
  "esModuleInterop": true,
  "module": 99,
  "moduleResolution": 2,
  "resolveJsonModule": true,
  "isolatedModules": true,
  "jsx": 1,
  "configFilePath": "/home/thomas/Projects/emacs/OrgRoamForceGraphReact/tsconfig.json"
 }
}
Info 9    [00:11:52.935] Starting updateGraphWorker: Project: /home/thomas/Projects/emacs/OrgRoamForceGraphReact/tsconfig.json
Info 10   [00:11:58.530] Finishing updateGraphWorker: Project: /home/thomas/Projects/emacs/OrgRoamForceGraphReact/tsconfig.json Version: 1 structureChanged: true Elapsed: 5594.49761800468ms
Info 11   [00:11:58.530] Project '/home/thomas/Projects/emacs/OrgRoamForceGraphReact/tsconfig.json' (Configured)
Info 12   [00:11:58.530] 	Files (717)

Info 13   [00:11:58.530] -----------------------------------------------
Info 14   [00:11:58.625] Starting updateGraphWorker: Project: /dev/null/autoImportProviderProject1*
Info 15   [00:11:58.701] Finishing updateGraphWorker: Project: /dev/null/autoImportProviderProject1* Version: 1 structureChanged: true Elapsed: 75.8092650026083ms
Info 16   [00:11:58.701] Project '/dev/null/autoImportProviderProject1*' (AutoImportProvider)
Info 17   [00:11:58.701] 	Files (10)

Info 18   [00:11:58.701] -----------------------------------------------
Info 19   [00:11:58.798] Starting updateGraphWorker: Project: /home/thomas/Projects/emacs/OrgRoamForceGraphReact/tsconfig.json
Info 20   [00:11:59.101] Finishing updateGraphWorker: Project: /home/thomas/Projects/emacs/OrgRoamForceGraphReact/tsconfig.json Version: 2 structureChanged: true Elapsed: 302.3153490051627ms
Info 21   [00:11:59.101] Different program with same set of files:: structureIsReused:: 1
Info 22   [00:11:59.105] Format host information updated
Info 23   [00:12:00.737] DirectoryWatcher:: Triggered with /home/thomas/Projects/emacs/OrgRoamForceGraphReact/.log/ti-127998.log 0:: WatchInfo: /home/thomas/Projects/emacs/OrgRoamForceGraphReact 1 undefined Config: /home/thomas/Projects/emacs/OrgRoamForceGraphReact/tsconfig.json WatchType: Wild card directory
Info 24   [00:12:00.738] Project: /home/thomas/Projects/emacs/OrgRoamForceGraphReact/tsconfig.json Detected file add/remove of non supported extension: /home/thomas/Projects/emacs/OrgRoamForceGraphReact/.log/ti-127998.log
Info 25   [00:12:00.738] Elapsed:: 0.5179819986224174ms DirectoryWatcher:: Triggered with /home/thomas/Projects/emacs/OrgRoamForceGraphReact/.log/ti-127998.log 0:: WatchInfo: /home/thomas/Projects/emacs/OrgRoamForceGraphReact 1 undefined Config: /home/thomas/Projects/emacs/OrgRoamForceGraphReact/tsconfig.json WatchType: Wild card directory
Info 26   [00:12:00.758] Starting updateGraphWorker: Project: /home/thomas/Projects/emacs/OrgRoamForceGraphReact/tsconfig.json
Info 27   [00:12:00.894] Finishing updateGraphWorker: Project: /home/thomas/Projects/emacs/OrgRoamForceGraphReact/tsconfig.json Version: 3 structureChanged: false Elapsed: 135.573545999825ms
Info 28   [00:12:00.894] Different program with same set of files:: structureIsReused:: 2
Info 29   [00:12:01.098] Starting updateGraphWorker: Project: /home/thomas/Projects/emacs/OrgRoamForceGraphReact/tsconfig.json
Info 30   [00:12:01.272] Finishing updateGraphWorker: Project: /home/thomas/Projects/emacs/OrgRoamForceGraphReact/tsconfig.json Version: 4 structureChanged: false Elapsed: 173.89816100150347ms
Info 31   [00:12:01.272] Different program with same set of files:: structureIsReused:: 2
Info 32   [00:12:08.199] DirectoryWatcher:: Triggered with /home/thomas/Projects/emacs/OrgRoamForceGraphReact/build/cache/webpack/server-development/3.pack_ 0:: WatchInfo: /home/thomas/Projects/emacs/OrgRoamForceGraphReact 1 undefined Config: /home/thomas/Projects/emacs/OrgRoamForceGraphReact/tsconfig.json WatchType: Wild card directory
Info 33   [00:12:08.200] Project: /home/thomas/Projects/emacs/OrgRoamForceGraphReact/tsconfig.json Detected file add/remove of non supported extension: /home/thomas/Projects/emacs/OrgRoamForceGraphReact/build/cache/webpack/server-development/3.pack_
Info 34   [00:12:08.200] Elapsed:: 0.8870889991521835ms DirectoryWatcher:: Triggered with /home/thomas/Projects/emacs/OrgRoamForceGraphReact/build/cache/webpack/server-development/3.pack_ 0:: WatchInfo: /home/thomas/Projects/emacs/OrgRoamForceGraphReact 1 undefined Config: /home/thomas/Projects/emacs/OrgRoamForceGraphReact/tsconfig.json WatchType: Wild card directory
Info 35   [00:12:08.200] DirectoryWatcher:: Triggered with /home/thomas/Projects/emacs/OrgRoamForceGraphReact/build/cache/webpack/server-development/1.pack_ 1:: WatchInfo: /home/thomas/Projects/emacs/OrgRoamForceGraphReact 1 undefined Config: /home/thomas/Projects/emacs/OrgRoamForceGraphReact/tsconfig.json WatchType: Wild card directory
Info 36   [00:12:08.200] Project: /home/thomas/Projects/emacs/OrgRoamForceGraphReact/tsconfig.json Detected file add/remove of non supported extension: /home/thomas/Projects/emacs/OrgRoamForceGraphReact/build/cache/webpack/server-development/1.pack_
Info 37   [00:12:08.200] Elapsed:: 0.23290400207042694ms DirectoryWatcher:: Triggered with /home/thomas/Projects/emacs/OrgRoamForceGraphReact/build/cache/webpack/server-development/1.pack_ 1:: WatchInfo: /home/thomas/Projects/emacs/OrgRoamForceGraphReact 1 undefined Config: /home/thomas/Projects/emacs/OrgRoamForceGraphReact/tsconfig.json WatchType: Wild card directory
Info 38   [00:12:08.200] DirectoryWatcher:: Triggered with /home/thomas/Projects/emacs/OrgRoamForceGraphReact/build/cache/webpack/server-development/4.pack_ 2:: WatchInfo: /home/thomas/Projects/emacs/OrgRoamForceGraphReact 1 undefined Config: /home/thomas/Projects/emacs/OrgRoamForceGraphReact/tsconfig.json WatchType: Wild card directory
Info 39   [00:12:08.200] Project: /home/thomas/Projects/emacs/OrgRoamForceGraphReact/tsconfig.json Detected file add/remove of non supported extension: /home/thomas/Projects/emacs/OrgRoamForceGraphReact/build/cache/webpack/server-development/4.pack_
Info 40   [00:12:08.200] Elapsed:: 0.2081100046634674ms DirectoryWatcher:: Triggered with /home/thomas/Projects/emacs/OrgRoamForceGraphReact/build/cache/webpack/server-development/4.pack_ 2:: WatchInfo: /home/thomas/Projects/emacs/OrgRoamForceGraphReact 1 undefined Config: /home/thomas/Projects/emacs/OrgRoamForceGraphReact/tsconfig.json WatchType: Wild card directory
Info 41   [00:12:08.200] DirectoryWatcher:: Triggered with /home/thomas/Projects/emacs/OrgRoamForceGraphReact/build/cache/webpack/server-development/index.pack_ 3:: WatchInfo: /home/thomas/Projects/emacs/OrgRoamForceGraphReact 1 undefined Config: /home/thomas/Projects/emacs/OrgRoamForceGraphReact/tsconfig.json WatchType: Wild card directory
Info 42   [00:12:08.201] Project: /home/thomas/Projects/emacs/OrgRoamForceGraphReact/tsconfig.json Detected file add/remove of non supported extension: /home/thomas/Projects/emacs/OrgRoamForceGraphReact/build/cache/webpack/server-development/index.pack_
Info 43   [00:12:08.201] Elapsed:: 0.19482599943876266ms DirectoryWatcher:: Triggered with /home/thomas/Projects/emacs/OrgRoamForceGraphReact/build/cache/webpack/server-development/index.pack_ 3:: WatchInfo: /home/thomas/Projects/emacs/OrgRoamForceGraphReact 1 undefined Config: /home/thomas/Projects/emacs/OrgRoamForceGraphReact/tsconfig.json WatchType: Wild card directory
Info 44   [00:12:08.201] DirectoryWatcher:: Triggered with /home/thomas/Projects/emacs/OrgRoamForceGraphReact/build/cache/webpack/server-development/index.pack 4:: WatchInfo: /home/thomas/Projects/emacs/OrgRoamForceGraphReact 1 undefined Config: /home/thomas/Projects/emacs/OrgRoamForceGraphReact/tsconfig.json WatchType: Wild card directory
Info 45   [00:12:08.201] Project: /home/thomas/Projects/emacs/OrgRoamForceGraphReact/tsconfig.json Detected file add/remove of non supported extension: /home/thomas/Projects/emacs/OrgRoamForceGraphReact/build/cache/webpack/server-development/index.pack
Info 46   [00:12:08.201] Elapsed:: 0.17236900329589844ms DirectoryWatcher:: Triggered with /home/thomas/Projects/emacs/OrgRoamForceGraphReact/build/cache/webpack/server-development/index.pack 4:: WatchInfo: /home/thomas/Projects/emacs/OrgRoamForceGraphReact 1 undefined Config: /home/thomas/Projects/emacs/OrgRoamForceGraphReact/tsconfig.json WatchType: Wild card directory
Info 47   [00:12:08.201] DirectoryWatcher:: Triggered with /home/thomas/Projects/emacs/OrgRoamForceGraphReact/build/cache/webpack/server-development/index.pack.old 5:: WatchInfo: /home/thomas/Projects/emacs/OrgRoamForceGraphReact 1 undefined Config: /home/thomas/Projects/emacs/OrgRoamForceGraphReact/tsconfig.json WatchType: Wild card directory
Info 48   [00:12:08.201] Project: /home/thomas/Projects/emacs/OrgRoamForceGraphReact/tsconfig.json Detected file add/remove of non supported extension: /home/thomas/Projects/emacs/OrgRoamForceGraphReact/build/cache/webpack/server-development/index.pack.old
Info 49   [00:12:08.201] Elapsed:: 0.16213800013065338ms DirectoryWatcher:: Triggered with /home/thomas/Projects/emacs/OrgRoamForceGraphReact/build/cache/webpack/server-development/index.pack.old 5:: WatchInfo: /home/thomas/Projects/emacs/OrgRoamForceGraphReact 1 undefined Config: /home/thomas/Projects/emacs/OrgRoamForceGraphReact/tsconfig.json WatchType: Wild card directory
Info 50   [00:12:08.201] DirectoryWatcher:: Triggered with /home/thomas/Projects/emacs/OrgRoamForceGraphReact/build/cache/webpack/server-development/3.pack_ 6:: WatchInfo: /home/thomas/Projects/emacs/OrgRoamForceGraphReact 1 undefined Config: /home/thomas/Projects/emacs/OrgRoamForceGraphReact/tsconfig.json WatchType: Wild card directory
Info 51   [00:12:08.201] Project: /home/thomas/Projects/emacs/OrgRoamForceGraphReact/tsconfig.json Detected file add/remove of non supported extension: /home/thomas/Projects/emacs/OrgRoamForceGraphReact/build/cache/webpack/server-development/3.pack_
Info 52   [00:12:08.201] Elapsed:: 0.1829570010304451ms DirectoryWatcher:: Triggered with /home/thomas/Projects/emacs/OrgRoamForceGraphReact/build/cache/webpack/server-development/3.pack_ 6:: WatchInfo: /home/thomas/Projects/emacs/OrgRoamForceGraphReact 1 undefined Config: /home/thomas/Projects/emacs/OrgRoamForceGraphReact/tsconfig.json WatchType: Wild card directory
Info 53   [00:12:08.201] DirectoryWatcher:: Triggered with /home/thomas/Projects/emacs/OrgRoamForceGraphReact/build/cache/webpack/server-development/3.pack 7:: WatchInfo: /home/thomas/Projects/emacs/OrgRoamForceGraphReact 1 undefined Config: /home/thomas/Projects/emacs/OrgRoamForceGraphReact/tsconfig.json WatchType: Wild card directory
Info 54   [00:12:08.202] Project: /home/thomas/Projects/emacs/OrgRoamForceGraphReact/tsconfig.json Detected file add/remove of non supported extension: /home/thomas/Projects/emacs/OrgRoamForceGraphReact/build/cache/webpack/server-development/3.pack
Info 55   [00:12:08.202] Elapsed:: 0.15434300154447556ms DirectoryWatcher:: Triggered with /home/thomas/Projects/emacs/OrgRoamForceGraphReact/build/cache/webpack/server-development/3.pack 7:: WatchInfo: /home/thomas/Projects/emacs/OrgRoamForceGraphReact 1 undefined Config: /home/thomas/Projects/emacs/OrgRoamForceGraphReact/tsconfig.json WatchType: Wild card directory
Info 56   [00:12:08.202] DirectoryWatcher:: Triggered with /home/thomas/Projects/emacs/OrgRoamForceGraphReact/build/cache/webpack/server-development/1.pack_ 8:: WatchInfo: /home/thomas/Projects/emacs/OrgRoamForceGraphReact 1 undefined Config: /home/thomas/Projects/emacs/OrgRoamForceGraphReact/tsconfig.json WatchType: Wild card directory
Info 57   [00:12:08.202] Project: /home/thomas/Projects/emacs/OrgRoamForceGraphReact/tsconfig.json Detected file add/remove of non supported extension: /home/thomas/Projects/emacs/OrgRoamForceGraphReact/build/cache/webpack/server-development/1.pack_
Info 58   [00:12:08.202] Elapsed:: 0.15445099771022797ms DirectoryWatcher:: Triggered with /home/thomas/Projects/emacs/OrgRoamForceGraphReact/build/cache/webpack/server-development/1.pack_ 8:: WatchInfo: /home/thomas/Projects/emacs/OrgRoamForceGraphReact 1 undefined Config: /home/thomas/Projects/emacs/OrgRoamForceGraphReact/tsconfig.json WatchType: Wild card directory
Info 59   [00:12:08.202] DirectoryWatcher:: Triggered with /home/thomas/Projects/emacs/OrgRoamForceGraphReact/build/cache/webpack/server-development/1.pack 9:: WatchInfo: /home/thomas/Projects/emacs/OrgRoamForceGraphReact 1 undefined Config: /home/thomas/Projects/emacs/OrgRoamForceGraphReact/tsconfig.json WatchType: Wild card directory
Info 60   [00:12:08.202] Project: /home/thomas/Projects/emacs/OrgRoamForceGraphReact/tsconfig.json Detected file add/remove of non supported extension: /home/thomas/Projects/emacs/OrgRoamForceGraphReact/build/cache/webpack/server-development/1.pack
Info 61   [00:12:08.202] Elapsed:: 0.1377279981970787ms DirectoryWatcher:: Triggered with /home/thomas/Projects/emacs/OrgRoamForceGraphReact/build/cache/webpack/server-development/1.pack 9:: WatchInfo: /home/thomas/Projects/emacs/OrgRoamForceGraphReact 1 undefined Config: /home/thomas/Projects/emacs/OrgRoamForceGraphReact/tsconfig.json WatchType: Wild card directory
Info 62   [00:12:08.202] DirectoryWatcher:: Triggered with /home/thomas/Projects/emacs/OrgRoamForceGraphReact/build/cache/webpack/server-development/4.pack_ 10:: WatchInfo: /home/thomas/Projects/emacs/OrgRoamForceGraphReact 1 undefined Config: /home/thomas/Projects/emacs/OrgRoamForceGraphReact/tsconfig.json WatchType: Wild card directory
Info 63   [00:12:08.202] Project: /home/thomas/Projects/emacs/OrgRoamForceGraphReact/tsconfig.json Detected file add/remove of non supported extension: /home/thomas/Projects/emacs/OrgRoamForceGraphReact/build/cache/webpack/server-development/4.pack_
Info 64   [00:12:08.202] Elapsed:: 0.1415419951081276ms DirectoryWatcher:: Triggered with /home/thomas/Projects/emacs/OrgRoamForceGraphReact/build/cache/webpack/server-development/4.pack_ 10:: WatchInfo: /home/thomas/Projects/emacs/OrgRoamForceGraphReact 1 undefined Config: /home/thomas/Projects/emacs/OrgRoamForceGraphReact/tsconfig.json WatchType: Wild card directory
Info 65   [00:12:08.202] DirectoryWatcher:: Triggered with /home/thomas/Projects/emacs/OrgRoamForceGraphReact/build/cache/webpack/server-development/4.pack 11:: WatchInfo: /home/thomas/Projects/emacs/OrgRoamForceGraphReact 1 undefined Config: /home/thomas/Projects/emacs/OrgRoamForceGraphReact/tsconfig.json WatchType: Wild card directory
Info 66   [00:12:08.202] Project: /home/thomas/Projects/emacs/OrgRoamForceGraphReact/tsconfig.json Detected file add/remove of non supported extension: /home/thomas/Projects/emacs/OrgRoamForceGraphReact/build/cache/webpack/server-development/4.pack
Info 67   [00:12:08.203] Elapsed:: 0.15192800015211105ms DirectoryWatcher:: Triggered with /home/thomas/Projects/emacs/OrgRoamForceGraphReact/build/cache/webpack/server-development/4.pack 11:: WatchInfo: /home/thomas/Projects/emacs/OrgRoamForceGraphReact 1 undefined Config: /home/thomas/Projects/emacs/OrgRoamForceGraphReact/tsconfig.json WatchType: Wild card directory
Info 68   [00:12:08.203] DirectoryWatcher:: Triggered with /home/thomas/Projects/emacs/OrgRoamForceGraphReact/build/cache/webpack/server-development/index.pack_ 12:: WatchInfo: /home/thomas/Projects/emacs/OrgRoamForceGraphReact 1 undefined Config: /home/thomas/Projects/emacs/OrgRoamForceGraphReact/tsconfig.json WatchType: Wild card directory
Info 69   [00:12:08.203] Project: /home/thomas/Projects/emacs/OrgRoamForceGraphReact/tsconfig.json Detected file add/remove of non supported extension: /home/thomas/Projects/emacs/OrgRoamForceGraphReact/build/cache/webpack/server-development/index.pack_
Info 70   [00:12:08.203] Elapsed:: 0.14462900161743164ms DirectoryWatcher:: Triggered with /home/thomas/Projects/emacs/OrgRoamForceGraphReact/build/cache/webpack/server-development/index.pack_ 12:: WatchInfo: /home/thomas/Projects/emacs/OrgRoamForceGraphReact 1 undefined Config: /home/thomas/Projects/emacs/OrgRoamForceGraphReact/tsconfig.json WatchType: Wild card directory
Info 71   [00:12:08.203] DirectoryWatcher:: Triggered with /home/thomas/Projects/emacs/OrgRoamForceGraphReact/build/cache/webpack/server-development/index.pack 13:: WatchInfo: /home/thomas/Projects/emacs/OrgRoamForceGraphReact 1 undefined Config: /home/thomas/Projects/emacs/OrgRoamForceGraphReact/tsconfig.json WatchType: Wild card directory
Info 72   [00:12:08.203] Project: /home/thomas/Projects/emacs/OrgRoamForceGraphReact/tsconfig.json Detected file add/remove of non supported extension: /home/thomas/Projects/emacs/OrgRoamForceGraphReact/build/cache/webpack/server-development/index.pack
Info 73   [00:12:08.203] Elapsed:: 0.14755000174045563ms DirectoryWatcher:: Triggered with /home/thomas/Projects/emacs/OrgRoamForceGraphReact/build/cache/webpack/server-development/index.pack 13:: WatchInfo: /home/thomas/Projects/emacs/OrgRoamForceGraphReact 1 undefined Config: /home/thomas/Projects/emacs/OrgRoamForceGraphReact/tsconfig.json WatchType: Wild card directory
Info 74   [00:12:11.690] DirectoryWatcher:: Triggered with /home/thomas/Projects/emacs/OrgRoamForceGraphReact :: WatchInfo: /home/thomas/Projects/emacs/OrgRoamForceGraphReact 1 undefined Config: /home/thomas/Projects/emacs/OrgRoamForceGraphReact/tsconfig.json WatchType: Wild card directory
Info 75   [00:12:11.690] Elapsed:: 0.6098359972238541ms DirectoryWatcher:: Triggered with /home/thomas/Projects/emacs/OrgRoamForceGraphReact :: WatchInfo: /home/thomas/Projects/emacs/OrgRoamForceGraphReact 1 undefined Config: /home/thomas/Projects/emacs/OrgRoamForceGraphReact/tsconfig.json WatchType: Wild card directory
Info 76   [00:12:12.031] Starting updateGraphWorker: Project: /home/thomas/Projects/emacs/OrgRoamForceGraphReact/tsconfig.json
Info 77   [00:12:12.048] Finishing updateGraphWorker: Project: /home/thomas/Projects/emacs/OrgRoamForceGraphReact/tsconfig.json Version: 5 structureChanged: false Elapsed: 16.825967997312546ms
Info 78   [00:12:14.191] Before ensureProjectForOpenFiles:
Info 79   [00:12:14.191] After ensureProjectForOpenFiles:
Info 80   [00:12:14.192] got projects updated in background, updating diagnostics for /home/thomas/Projects/emacs/OrgRoamForceGraphReact/pages/index.tsx
Info 81   [00:12:16.473] DirectoryWatcher:: Triggered with /home/thomas/Projects/emacs/OrgRoamForceGraphReact :: WatchInfo: /home/thomas/Projects/emacs/OrgRoamForceGraphReact 1 undefined Config: /home/thomas/Projects/emacs/OrgRoamForceGraphReact/tsconfig.json WatchType: Wild card directory
Info 82   [00:12:16.474] Elapsed:: 0.17128299921751022ms DirectoryWatcher:: Triggered with /home/thomas/Projects/emacs/OrgRoamForceGraphReact :: WatchInfo: /home/thomas/Projects/emacs/OrgRoamForceGraphReact 1 undefined Config: /home/thomas/Projects/emacs/OrgRoamForceGraphReact/tsconfig.json WatchType: Wild card directory
Info 83   [00:12:16.806] Starting updateGraphWorker: Project: /home/thomas/Projects/emacs/OrgRoamForceGraphReact/tsconfig.json
Info 84   [00:12:16.812] Finishing updateGraphWorker: Project: /home/thomas/Projects/emacs/OrgRoamForceGraphReact/tsconfig.json Version: 6 structureChanged: false Elapsed: 6.596287004649639ms
Info 85   [00:12:18.974] Before ensureProjectForOpenFiles:
Info 86   [00:12:18.975] After ensureProjectForOpenFiles:
Info 87   [00:12:18.975] got projects updated in background, updating diagnostics for /home/thomas/Projects/emacs/OrgRoamForceGraphReact/pages/index.tsx
Info 88   [00:13:16.578] DirectoryWatcher:: Triggered with /home/thomas/Projects/emacs/OrgRoamForceGraphReact/build/cache/webpack/client-development/1.pack_ 0:: WatchInfo: /home/thomas/Projects/emacs/OrgRoamForceGraphReact 1 undefined Config: /home/thomas/Projects/emacs/OrgRoamForceGraphReact/tsconfig.json WatchType: Wild card directory
Info 89   [00:13:16.579] Project: /home/thomas/Projects/emacs/OrgRoamForceGraphReact/tsconfig.json Detected file add/remove of non supported extension: /home/thomas/Projects/emacs/OrgRoamForceGraphReact/build/cache/webpack/client-development/1.pack_
Info 90   [00:13:16.579] Elapsed:: 0.6805489957332611ms DirectoryWatcher:: Triggered with /home/thomas/Projects/emacs/OrgRoamForceGraphReact/build/cache/webpack/client-development/1.pack_ 0:: WatchInfo: /home/thomas/Projects/emacs/OrgRoamForceGraphReact 1 undefined Config: /home/thomas/Projects/emacs/OrgRoamForceGraphReact/tsconfig.json WatchType: Wild card directory
Info 91   [00:13:16.579] DirectoryWatcher:: Triggered with /home/thomas/Projects/emacs/OrgRoamForceGraphReact/build/cache/webpack/client-development/index.pack_ 1:: WatchInfo: /home/thomas/Projects/emacs/OrgRoamForceGraphReact 1 undefined Config: /home/thomas/Projects/emacs/OrgRoamForceGraphReact/tsconfig.json WatchType: Wild card directory
Info 92   [00:13:16.580] Project: /home/thomas/Projects/emacs/OrgRoamForceGraphReact/tsconfig.json Detected file add/remove of non supported extension: /home/thomas/Projects/emacs/OrgRoamForceGraphReact/build/cache/webpack/client-development/index.pack_
Info 93   [00:13:16.580] Elapsed:: 0.5260870009660721ms DirectoryWatcher:: Triggered with /home/thomas/Projects/emacs/OrgRoamForceGraphReact/build/cache/webpack/client-development/index.pack_ 1:: WatchInfo: /home/thomas/Projects/emacs/OrgRoamForceGraphReact 1 undefined Config: /home/thomas/Projects/emacs/OrgRoamForceGraphReact/tsconfig.json WatchType: Wild card directory
Info 94   [00:13:16.580] DirectoryWatcher:: Triggered with /home/thomas/Projects/emacs/OrgRoamForceGraphReact/build/cache/webpack/client-development/2.pack_ 2:: WatchInfo: /home/thomas/Projects/emacs/OrgRoamForceGraphReact 1 undefined Config: /home/thomas/Projects/emacs/OrgRoamForceGraphReact/tsconfig.json WatchType: Wild card directory
Info 95   [00:13:16.581] Project: /home/thomas/Projects/emacs/OrgRoamForceGraphReact/tsconfig.json Detected file add/remove of non supported extension: /home/thomas/Projects/emacs/OrgRoamForceGraphReact/build/cache/webpack/client-development/2.pack_
Info 96   [00:13:16.581] Elapsed:: 0.35455799847841263ms DirectoryWatcher:: Triggered with /home/thomas/Projects/emacs/OrgRoamForceGraphReact/build/cache/webpack/client-development/2.pack_ 2:: WatchInfo: /home/thomas/Projects/emacs/OrgRoamForceGraphReact 1 undefined Config: /home/thomas/Projects/emacs/OrgRoamForceGraphReact/tsconfig.json WatchType: Wild card directory
Info 97   [00:13:16.581] DirectoryWatcher:: Triggered with /home/thomas/Projects/emacs/OrgRoamForceGraphReact/build/cache/webpack/client-development/index.pack 3:: WatchInfo: /home/thomas/Projects/emacs/OrgRoamForceGraphReact 1 undefined Config: /home/thomas/Projects/emacs/OrgRoamForceGraphReact/tsconfig.json WatchType: Wild card directory
Info 98   [00:13:16.581] Project: /home/thomas/Projects/emacs/OrgRoamForceGraphReact/tsconfig.json Detected file add/remove of non supported extension: /home/thomas/Projects/emacs/OrgRoamForceGraphReact/build/cache/webpack/client-development/index.pack
Info 99   [00:13:16.581] Elapsed:: 0.3812899962067604ms DirectoryWatcher:: Triggered with /home/thomas/Projects/emacs/OrgRoamForceGraphReact/build/cache/webpack/client-development/index.pack 3:: WatchInfo: /home/thomas/Projects/emacs/OrgRoamForceGraphReact 1 undefined Config: /home/thomas/Projects/emacs/OrgRoamForceGraphReact/tsconfig.json WatchType: Wild card directory
Info 100  [00:13:16.581] DirectoryWatcher:: Triggered with /home/thomas/Projects/emacs/OrgRoamForceGraphReact/build/cache/webpack/client-development/index.pack.old 4:: WatchInfo: /home/thomas/Projects/emacs/OrgRoamForceGraphReact 1 undefined Config: /home/thomas/Projects/emacs/OrgRoamForceGraphReact/tsconfig.json WatchType: Wild card directory
Info 101  [00:13:16.582] Project: /home/thomas/Projects/emacs/OrgRoamForceGraphReact/tsconfig.json Detected file add/remove of non supported extension: /home/thomas/Projects/emacs/OrgRoamForceGraphReact/build/cache/webpack/client-development/index.pack.old
Info 102  [00:13:16.582] Elapsed:: 0.33257099986076355ms DirectoryWatcher:: Triggered with /home/thomas/Projects/emacs/OrgRoamForceGraphReact/build/cache/webpack/client-development/index.pack.old 4:: WatchInfo: /home/thomas/Projects/emacs/OrgRoamForceGraphReact 1 undefined Config: /home/thomas/Projects/emacs/OrgRoamForceGraphReact/tsconfig.json WatchType: Wild card directory
Info 103  [00:13:16.582] DirectoryWatcher:: Triggered with /home/thomas/Projects/emacs/OrgRoamForceGraphReact/build/cache/webpack/client-development/1.pack_ 5:: WatchInfo: /home/thomas/Projects/emacs/OrgRoamForceGraphReact 1 undefined Config: /home/thomas/Projects/emacs/OrgRoamForceGraphReact/tsconfig.json WatchType: Wild card directory
Info 104  [00:13:16.582] Project: /home/thomas/Projects/emacs/OrgRoamForceGraphReact/tsconfig.json Detected file add/remove of non supported extension: /home/thomas/Projects/emacs/OrgRoamForceGraphReact/build/cache/webpack/client-development/1.pack_
Info 105  [00:13:16.582] Elapsed:: 0.32330700010061264ms DirectoryWatcher:: Triggered with /home/thomas/Projects/emacs/OrgRoamForceGraphReact/build/cache/webpack/client-development/1.pack_ 5:: WatchInfo: /home/thomas/Projects/emacs/OrgRoamForceGraphReact 1 undefined Config: /home/thomas/Projects/emacs/OrgRoamForceGraphReact/tsconfig.json WatchType: Wild card directory
Info 106  [00:13:16.582] DirectoryWatcher:: Triggered with /home/thomas/Projects/emacs/OrgRoamForceGraphReact/build/cache/webpack/client-development/1.pack 6:: WatchInfo: /home/thomas/Projects/emacs/OrgRoamForceGraphReact 1 undefined Config: /home/thomas/Projects/emacs/OrgRoamForceGraphReact/tsconfig.json WatchType: Wild card directory
Info 107  [00:13:16.583] Project: /home/thomas/Projects/emacs/OrgRoamForceGraphReact/tsconfig.json Detected file add/remove of non supported extension: /home/thomas/Projects/emacs/OrgRoamForceGraphReact/build/cache/webpack/client-development/1.pack
Info 108  [00:13:16.583] Elapsed:: 0.33368200063705444ms DirectoryWatcher:: Triggered with /home/thomas/Projects/emacs/OrgRoamForceGraphReact/build/cache/webpack/client-development/1.pack 6:: WatchInfo: /home/thomas/Projects/emacs/OrgRoamForceGraphReact 1 undefined Config: /home/thomas/Projects/emacs/OrgRoamForceGraphReact/tsconfig.json WatchType: Wild card directory
Info 109  [00:13:17.585] DirectoryWatcher:: Triggered with /home/thomas/Projects/emacs/OrgRoamForceGraphReact/build/cache/webpack/server-development/2.pack_ 0:: WatchInfo: /home/thomas/Projects/emacs/OrgRoamForceGraphReact 1 undefined Config: /home/thomas/Projects/emacs/OrgRoamForceGraphReact/tsconfig.json WatchType: Wild card directory
Info 110  [00:13:17.585] Project: /home/thomas/Projects/emacs/OrgRoamForceGraphReact/tsconfig.json Detected file add/remove of non supported extension: /home/thomas/Projects/emacs/OrgRoamForceGraphReact/build/cache/webpack/server-development/2.pack_
Info 111  [00:13:17.586] Elapsed:: 0.24662800133228302ms DirectoryWatcher:: Triggered with /home/thomas/Projects/emacs/OrgRoamForceGraphReact/build/cache/webpack/server-development/2.pack_ 0:: WatchInfo: /home/thomas/Projects/emacs/OrgRoamForceGraphReact 1 undefined Config: /home/thomas/Projects/emacs/OrgRoamForceGraphReact/tsconfig.json WatchType: Wild card directory
Info 112  [00:13:17.586] DirectoryWatcher:: Triggered with /home/thomas/Projects/emacs/OrgRoamForceGraphReact/build/cache/webpack/server-development/index.pack_ 1:: WatchInfo: /home/thomas/Projects/emacs/OrgRoamForceGraphReact 1 undefined Config: /home/thomas/Projects/emacs/OrgRoamForceGraphReact/tsconfig.json WatchType: Wild card directory
Info 113  [00:13:17.586] Project: /home/thomas/Projects/emacs/OrgRoamForceGraphReact/tsconfig.json Detected file add/remove of non supported extension: /home/thomas/Projects/emacs/OrgRoamForceGraphReact/build/cache/webpack/server-development/index.pack_
Info 114  [00:13:17.586] Elapsed:: 0.22887099534273148ms DirectoryWatcher:: Triggered with /home/thomas/Projects/emacs/OrgRoamForceGraphReact/build/cache/webpack/server-development/index.pack_ 1:: WatchInfo: /home/thomas/Projects/emacs/OrgRoamForceGraphReact 1 undefined Config: /home/thomas/Projects/emacs/OrgRoamForceGraphReact/tsconfig.json WatchType: Wild card directory
Info 115  [00:13:17.586] DirectoryWatcher:: Triggered with /home/thomas/Projects/emacs/OrgRoamForceGraphReact/build/cache/webpack/server-development/index.pack 2:: WatchInfo: /home/thomas/Projects/emacs/OrgRoamForceGraphReact 1 undefined Config: /home/thomas/Projects/emacs/OrgRoamForceGraphReact/tsconfig.json WatchType: Wild card directory
Info 116  [00:13:17.586] Project: /home/thomas/Projects/emacs/OrgRoamForceGraphReact/tsconfig.json Detected file add/remove of non supported extension: /home/thomas/Projects/emacs/OrgRoamForceGraphReact/build/cache/webpack/server-development/index.pack
Info 117  [00:13:17.586] Elapsed:: 0.13682200014591217ms DirectoryWatcher:: Triggered with /home/thomas/Projects/emacs/OrgRoamForceGraphReact/build/cache/webpack/server-development/index.pack 2:: WatchInfo: /home/thomas/Projects/emacs/OrgRoamForceGraphReact 1 undefined Config: /home/thomas/Projects/emacs/OrgRoamForceGraphReact/tsconfig.json WatchType: Wild card directory
Info 118  [00:13:17.586] DirectoryWatcher:: Triggered with /home/thomas/Projects/emacs/OrgRoamForceGraphReact/build/cache/webpack/server-development/index.pack.old 3:: WatchInfo: /home/thomas/Projects/emacs/OrgRoamForceGraphReact 1 undefined Config: /home/thomas/Projects/emacs/OrgRoamForceGraphReact/tsconfig.json WatchType: Wild card directory
Info 119  [00:13:17.586] Project: /home/thomas/Projects/emacs/OrgRoamForceGraphReact/tsconfig.json Detected file add/remove of non supported extension: /home/thomas/Projects/emacs/OrgRoamForceGraphReact/build/cache/webpack/server-development/index.pack.old
Info 120  [00:13:17.586] Elapsed:: 0.12311599403619766ms DirectoryWatcher:: Triggered with /home/thomas/Projects/emacs/OrgRoamForceGraphReact/build/cache/webpack/server-development/index.pack.old 3:: WatchInfo: /home/thomas/Projects/emacs/OrgRoamForceGraphReact 1 undefined Config: /home/thomas/Projects/emacs/OrgRoamForceGraphReact/tsconfig.json WatchType: Wild card directory
Info 121  [00:13:17.586] DirectoryWatcher:: Triggered with /home/thomas/Projects/emacs/OrgRoamForceGraphReact/build/cache/webpack/server-development/2.pack_ 4:: WatchInfo: /home/thomas/Projects/emacs/OrgRoamForceGraphReact 1 undefined Config: /home/thomas/Projects/emacs/OrgRoamForceGraphReact/tsconfig.json WatchType: Wild card directory
Info 122  [00:13:17.587] Project: /home/thomas/Projects/emacs/OrgRoamForceGraphReact/tsconfig.json Detected file add/remove of non supported extension: /home/thomas/Projects/emacs/OrgRoamForceGraphReact/build/cache/webpack/server-development/2.pack_
Info 123  [00:13:17.587] Elapsed:: 0.11929900199174881ms DirectoryWatcher:: Triggered with /home/thomas/Projects/emacs/OrgRoamForceGraphReact/build/cache/webpack/server-development/2.pack_ 4:: WatchInfo: /home/thomas/Projects/emacs/OrgRoamForceGraphReact 1 undefined Config: /home/thomas/Projects/emacs/OrgRoamForceGraphReact/tsconfig.json WatchType: Wild card directory
Info 124  [00:13:17.587] DirectoryWatcher:: Triggered with /home/thomas/Projects/emacs/OrgRoamForceGraphReact/build/cache/webpack/server-development/2.pack 5:: WatchInfo: /home/thomas/Projects/emacs/OrgRoamForceGraphReact 1 undefined Config: /home/thomas/Projects/emacs/OrgRoamForceGraphReact/tsconfig.json WatchType: Wild card directory
Info 125  [00:13:17.587] Project: /home/thomas/Projects/emacs/OrgRoamForceGraphReact/tsconfig.json Detected file add/remove of non supported extension: /home/thomas/Projects/emacs/OrgRoamForceGraphReact/build/cache/webpack/server-development/2.pack
Info 126  [00:13:17.587] Elapsed:: 0.116457000374794ms DirectoryWatcher:: Triggered with /home/thomas/Projects/emacs/OrgRoamForceGraphReact/build/cache/webpack/server-development/2.pack 5:: WatchInfo: /home/thomas/Projects/emacs/OrgRoamForceGraphReact 1 undefined Config: /home/thomas/Projects/emacs/OrgRoamForceGraphReact/tsconfig.json WatchType: Wild card directory
Info 127  [00:13:17.587] DirectoryWatcher:: Triggered with /home/thomas/Projects/emacs/OrgRoamForceGraphReact/build/cache/webpack/server-development/index.pack_ 6:: WatchInfo: /home/thomas/Projects/emacs/OrgRoamForceGraphReact 1 undefined Config: /home/thomas/Projects/emacs/OrgRoamForceGraphReact/tsconfig.json WatchType: Wild card directory
Info 128  [00:13:17.587] Project: /home/thomas/Projects/emacs/OrgRoamForceGraphReact/tsconfig.json Detected file add/remove of non supported extension: /home/thomas/Projects/emacs/OrgRoamForceGraphReact/build/cache/webpack/server-development/index.pack_
Info 129  [00:13:17.587] Elapsed:: 0.11336299777030945ms DirectoryWatcher:: Triggered with /home/thomas/Projects/emacs/OrgRoamForceGraphReact/build/cache/webpack/server-development/index.pack_ 6:: WatchInfo: /home/thomas/Projects/emacs/OrgRoamForceGraphReact 1 undefined Config: /home/thomas/Projects/emacs/OrgRoamForceGraphReact/tsconfig.json WatchType: Wild card directory
Info 130  [00:13:17.587] DirectoryWatcher:: Triggered with /home/thomas/Projects/emacs/OrgRoamForceGraphReact/build/cache/webpack/server-development/index.pack 7:: WatchInfo: /home/thomas/Projects/emacs/OrgRoamForceGraphReact 1 undefined Config: /home/thomas/Projects/emacs/OrgRoamForceGraphReact/tsconfig.json WatchType: Wild card directory
Info 131  [00:13:17.587] Project: /home/thomas/Projects/emacs/OrgRoamForceGraphReact/tsconfig.json Detected file add/remove of non supported extension: /home/thomas/Projects/emacs/OrgRoamForceGraphReact/build/cache/webpack/server-development/index.pack
Info 132  [00:13:17.587] Elapsed:: 0.11502599716186523ms DirectoryWatcher:: Triggered with /home/thomas/Projects/emacs/OrgRoamForceGraphReact/build/cache/webpack/server-development/index.pack 7:: WatchInfo: /home/thomas/Projects/emacs/OrgRoamForceGraphReact 1 undefined Config: /home/thomas/Projects/emacs/OrgRoamForceGraphReact/tsconfig.json WatchType: Wild card directory
Info 133  [00:13:17.587] DirectoryWatcher:: Triggered with /home/thomas/Projects/emacs/OrgRoamForceGraphReact/build/cache/webpack/client-development/2.pack_ 8:: WatchInfo: /home/thomas/Projects/emacs/OrgRoamForceGraphReact 1 undefined Config: /home/thomas/Projects/emacs/OrgRoamForceGraphReact/tsconfig.json WatchType: Wild card directory
Info 134  [00:13:17.587] Project: /home/thomas/Projects/emacs/OrgRoamForceGraphReact/tsconfig.json Detected file add/remove of non supported extension: /home/thomas/Projects/emacs/OrgRoamForceGraphReact/build/cache/webpack/client-development/2.pack_
Info 135  [00:13:17.587] Elapsed:: 0.11842100322246552ms DirectoryWatcher:: Triggered with /home/thomas/Projects/emacs/OrgRoamForceGraphReact/build/cache/webpack/client-development/2.pack_ 8:: WatchInfo: /home/thomas/Projects/emacs/OrgRoamForceGraphReact 1 undefined Config: /home/thomas/Projects/emacs/OrgRoamForceGraphReact/tsconfig.json WatchType: Wild card directory
Info 136  [00:13:17.587] DirectoryWatcher:: Triggered with /home/thomas/Projects/emacs/OrgRoamForceGraphReact/build/cache/webpack/client-development/2.pack 9:: WatchInfo: /home/thomas/Projects/emacs/OrgRoamForceGraphReact 1 undefined Config: /home/thomas/Projects/emacs/OrgRoamForceGraphReact/tsconfig.json WatchType: Wild card directory
Info 137  [00:13:17.587] Project: /home/thomas/Projects/emacs/OrgRoamForceGraphReact/tsconfig.json Detected file add/remove of non supported extension: /home/thomas/Projects/emacs/OrgRoamForceGraphReact/build/cache/webpack/client-development/2.pack
Info 138  [00:13:17.587] Elapsed:: 0.11856600642204285ms DirectoryWatcher:: Triggered with /home/thomas/Projects/emacs/OrgRoamForceGraphReact/build/cache/webpack/client-development/2.pack 9:: WatchInfo: /home/thomas/Projects/emacs/OrgRoamForceGraphReact 1 undefined Config: /home/thomas/Projects/emacs/OrgRoamForceGraphReact/tsconfig.json WatchType: Wild card directory
Info 139  [00:13:17.588] DirectoryWatcher:: Triggered with /home/thomas/Projects/emacs/OrgRoamForceGraphReact/build/cache/webpack/client-development/index.pack_ 10:: WatchInfo: /home/thomas/Projects/emacs/OrgRoamForceGraphReact 1 undefined Config: /home/thomas/Projects/emacs/OrgRoamForceGraphReact/tsconfig.json WatchType: Wild card directory
Info 140  [00:13:17.588] Project: /home/thomas/Projects/emacs/OrgRoamForceGraphReact/tsconfig.json Detected file add/remove of non supported extension: /home/thomas/Projects/emacs/OrgRoamForceGraphReact/build/cache/webpack/client-development/index.pack_
Info 141  [00:13:17.588] Elapsed:: 0.1254900023341179ms DirectoryWatcher:: Triggered with /home/thomas/Projects/emacs/OrgRoamForceGraphReact/build/cache/webpack/client-development/index.pack_ 10:: WatchInfo: /home/thomas/Projects/emacs/OrgRoamForceGraphReact 1 undefined Config: /home/thomas/Projects/emacs/OrgRoamForceGraphReact/tsconfig.json WatchType: Wild card directory
Info 142  [00:13:17.588] DirectoryWatcher:: Triggered with /home/thomas/Projects/emacs/OrgRoamForceGraphReact/build/cache/webpack/client-development/index.pack 11:: WatchInfo: /home/thomas/Projects/emacs/OrgRoamForceGraphReact 1 undefined Config: /home/thomas/Projects/emacs/OrgRoamForceGraphReact/tsconfig.json WatchType: Wild card directory
Info 143  [00:13:17.588] Project: /home/thomas/Projects/emacs/OrgRoamForceGraphReact/tsconfig.json Detected file add/remove of non supported extension: /home/thomas/Projects/emacs/OrgRoamForceGraphReact/build/cache/webpack/client-development/index.pack
Info 144  [00:13:17.588] Elapsed:: 0.11590899527072906ms DirectoryWatcher:: Triggered with /home/thomas/Projects/emacs/OrgRoamForceGraphReact/build/cache/webpack/client-development/index.pack 11:: WatchInfo: /home/thomas/Projects/emacs/OrgRoamForceGraphReact 1 undefined Config: /home/thomas/Projects/emacs/OrgRoamForceGraphReact/tsconfig.json WatchType: Wild card directory
Info 145  [00:13:23.043] DirectoryWatcher:: Triggered with /home/thomas/Projects/emacs/OrgRoamForceGraphReact/build/static/webpack/8bb1402006fa0e9411ca.webpack.hot-update.json 0:: WatchInfo: /home/thomas/Projects/emacs/OrgRoamForceGraphReact 1 undefined Config: /home/thomas/Projects/emacs/OrgRoamForceGraphReact/tsconfig.json WatchType: Wild card directory
Info 146  [00:13:23.044] Elapsed:: 1.266073003411293ms DirectoryWatcher:: Triggered with /home/thomas/Projects/emacs/OrgRoamForceGraphReact/build/static/webpack/8bb1402006fa0e9411ca.webpack.hot-update.json 0:: WatchInfo: /home/thomas/Projects/emacs/OrgRoamForceGraphReact 1 undefined Config: /home/thomas/Projects/emacs/OrgRoamForceGraphReact/tsconfig.json WatchType: Wild card directory
Info 147  [00:13:23.044] DirectoryWatcher:: Triggered with /home/thomas/Projects/emacs/OrgRoamForceGraphReact/build/static/webpack/webpack.8bb1402006fa0e9411ca.hot-update.js 1:: WatchInfo: /home/thomas/Projects/emacs/OrgRoamForceGraphReact 1 undefined Config: /home/thomas/Projects/emacs/OrgRoamForceGraphReact/tsconfig.json WatchType: Wild card directory
Info 148  [00:13:23.045] Elapsed:: 0.9725560024380684ms DirectoryWatcher:: Triggered with /home/thomas/Projects/emacs/OrgRoamForceGraphReact/build/static/webpack/webpack.8bb1402006fa0e9411ca.hot-update.js 1:: WatchInfo: /home/thomas/Projects/emacs/OrgRoamForceGraphReact 1 undefined Config: /home/thomas/Projects/emacs/OrgRoamForceGraphReact/tsconfig.json WatchType: Wild card directory
Info 149  [00:13:23.045] DirectoryWatcher:: Triggered with /home/thomas/Projects/emacs/OrgRoamForceGraphReact/build/static/webpack/c15ba960c9e1f14a7dcb.webpack.hot-update.json 2:: WatchInfo: /home/thomas/Projects/emacs/OrgRoamForceGraphReact 1 undefined Config: /home/thomas/Projects/emacs/OrgRoamForceGraphReact/tsconfig.json WatchType: Wild card directory
Info 150  [00:13:23.046] Elapsed:: 0.782212994992733ms DirectoryWatcher:: Triggered with /home/thomas/Projects/emacs/OrgRoamForceGraphReact/build/static/webpack/c15ba960c9e1f14a7dcb.webpack.hot-update.json 2:: WatchInfo: /home/thomas/Projects/emacs/OrgRoamForceGraphReact 1 undefined Config: /home/thomas/Projects/emacs/OrgRoamForceGraphReact/tsconfig.json WatchType: Wild card directory
Info 151  [00:13:23.047] DirectoryWatcher:: Triggered with /home/thomas/Projects/emacs/OrgRoamForceGraphReact/build/static/webpack/webpack.c15ba960c9e1f14a7dcb.hot-update.js 3:: WatchInfo: /home/thomas/Projects/emacs/OrgRoamForceGraphReact 1 undefined Config: /home/thomas/Projects/emacs/OrgRoamForceGraphReact/tsconfig.json WatchType: Wild card directory
Info 152  [00:13:23.047] Elapsed:: 0.6003109961748123ms DirectoryWatcher:: Triggered with /home/thomas/Projects/emacs/OrgRoamForceGraphReact/build/static/webpack/webpack.c15ba960c9e1f14a7dcb.hot-update.js 3:: WatchInfo: /home/thomas/Projects/emacs/OrgRoamForceGraphReact 1 undefined Config: /home/thomas/Projects/emacs/OrgRoamForceGraphReact/tsconfig.json WatchType: Wild card directory
Info 153  [00:13:23.047] DirectoryWatcher:: Triggered with /home/thomas/Projects/emacs/OrgRoamForceGraphReact/build/static/chunks/pages/next/dist/pages/_error.js 4:: WatchInfo: /home/thomas/Projects/emacs/OrgRoamForceGraphReact 1 undefined Config: /home/thomas/Projects/emacs/OrgRoamForceGraphReact/tsconfig.json WatchType: Wild card directory
Info 154  [00:13:23.048] Elapsed:: 0.598811998963356ms DirectoryWatcher:: Triggered with /home/thomas/Projects/emacs/OrgRoamForceGraphReact/build/static/chunks/pages/next/dist/pages/_error.js 4:: WatchInfo: /home/thomas/Projects/emacs/OrgRoamForceGraphReact 1 undefined Config: /home/thomas/Projects/emacs/OrgRoamForceGraphReact/tsconfig.json WatchType: Wild card directory
Info 155  [00:13:23.307] Starting updateGraphWorker: Project: /home/thomas/Projects/emacs/OrgRoamForceGraphReact/tsconfig.json
Info 156  [00:13:23.320] Finishing updateGraphWorker: Project: /home/thomas/Projects/emacs/OrgRoamForceGraphReact/tsconfig.json Version: 7 structureChanged: false Elapsed: 12.510299004614353ms
Info 157  [00:13:25.548] Before ensureProjectForOpenFiles:
Info 158  [00:13:25.548] After ensureProjectForOpenFiles:
Info 159  [00:13:25.548] got projects updated in background, updating diagnostics for /home/thomas/Projects/emacs/OrgRoamForceGraphReact/pages/index.tsx
Info 160  [00:13:28.592] FileWatcher:: Triggered with /home/thomas/Projects/emacs/OrgRoamForceGraphReact/next-env.d.ts 1:: WatchInfo: /home/thomas/Projects/emacs/OrgRoamForceGraphReact/next-env.d.ts 500 undefined WatchType: Closed Script info
Info 161  [00:13:28.592] Elapsed:: 0.48120400309562683ms FileWatcher:: Triggered with /home/thomas/Projects/emacs/OrgRoamForceGraphReact/next-env.d.ts 1:: WatchInfo: /home/thomas/Projects/emacs/OrgRoamForceGraphReact/next-env.d.ts 500 undefined WatchType: Closed Script info
Info 162  [00:13:28.843] Starting updateGraphWorker: Project: /home/thomas/Projects/emacs/OrgRoamForceGraphReact/tsconfig.json
Info 163  [00:13:28.846] Finishing updateGraphWorker: Project: /home/thomas/Projects/emacs/OrgRoamForceGraphReact/tsconfig.json Version: 8 structureChanged: false Elapsed: 3.266361005604267ms
Info 164  [00:13:31.093] Before ensureProjectForOpenFiles:
Info 165  [00:13:31.093] After ensureProjectForOpenFiles:
Info 166  [00:13:31.093] got projects updated in background, updating diagnostics for /home/thomas/Projects/emacs/OrgRoamForceGraphReact/pages/index.tsx
Info 167  [00:13:37.828] DirectoryWatcher:: Triggered with /home/thomas/Projects/emacs/OrgRoamForceGraphReact/build/static/development :: WatchInfo: /home/thomas/Projects/emacs/OrgRoamForceGraphReact 1 undefined Config: /home/thomas/Projects/emacs/OrgRoamForceGraphReact/tsconfig.json WatchType: Wild card directory
Info 168  [00:13:37.828] Elapsed:: 0.19526999443769455ms DirectoryWatcher:: Triggered with /home/thomas/Projects/emacs/OrgRoamForceGraphReact/build/static/development :: WatchInfo: /home/thomas/Projects/emacs/OrgRoamForceGraphReact 1 undefined Config: /home/thomas/Projects/emacs/OrgRoamForceGraphReact/tsconfig.json WatchType: Wild card directory
Info 169  [00:13:37.830] DirectoryWatcher:: Triggered with /home/thomas/Projects/emacs/OrgRoamForceGraphReact/build/static/webpack :: WatchInfo: /home/thomas/Projects/emacs/OrgRoamForceGraphReact 1 undefined Config: /home/thomas/Projects/emacs/OrgRoamForceGraphReact/tsconfig.json WatchType: Wild card directory
Info 170  [00:13:37.830] Elapsed:: 0.18422000110149384ms DirectoryWatcher:: Triggered with /home/thomas/Projects/emacs/OrgRoamForceGraphReact/build/static/webpack :: WatchInfo: /home/thomas/Projects/emacs/OrgRoamForceGraphReact 1 undefined Config: /home/thomas/Projects/emacs/OrgRoamForceGraphReact/tsconfig.json WatchType: Wild card directory
Info 171  [00:13:37.835] DirectoryWatcher:: Triggered with /home/thomas/Projects/emacs/OrgRoamForceGraphReact/build/static/chunks/pages/_error.js :: WatchInfo: /home/thomas/Projects/emacs/OrgRoamForceGraphReact 1 undefined Config: /home/thomas/Projects/emacs/OrgRoamForceGraphReact/tsconfig.json WatchType: Wild card directory
Info 172  [00:13:37.836] Elapsed:: 0.20651599764823914ms DirectoryWatcher:: Triggered with /home/thomas/Projects/emacs/OrgRoamForceGraphReact/build/static/chunks/pages/_error.js :: WatchInfo: /home/thomas/Projects/emacs/OrgRoamForceGraphReact 1 undefined Config: /home/thomas/Projects/emacs/OrgRoamForceGraphReact/tsconfig.json WatchType: Wild card directory
Info 173  [00:13:37.836] DirectoryWatcher:: Triggered with /home/thomas/Projects/emacs/OrgRoamForceGraphReact/build/static/chunks/pages/index.js :: WatchInfo: /home/thomas/Projects/emacs/OrgRoamForceGraphReact 1 undefined Config: /home/thomas/Projects/emacs/OrgRoamForceGraphReact/tsconfig.json WatchType: Wild card directory
Info 174  [00:13:37.836] Elapsed:: 0.1289210021495819ms DirectoryWatcher:: Triggered with /home/thomas/Projects/emacs/OrgRoamForceGraphReact/build/static/chunks/pages/index.js :: WatchInfo: /home/thomas/Projects/emacs/OrgRoamForceGraphReact 1 undefined Config: /home/thomas/Projects/emacs/OrgRoamForceGraphReact/tsconfig.json WatchType: Wild card directory
Info 175  [00:13:37.836] DirectoryWatcher:: Triggered with /home/thomas/Projects/emacs/OrgRoamForceGraphReact/build/server/pages/next/dist/pages/_error.js :: WatchInfo: /home/thomas/Projects/emacs/OrgRoamForceGraphReact 1 undefined Config: /home/thomas/Projects/emacs/OrgRoamForceGraphReact/tsconfig.json WatchType: Wild card directory
Info 176  [00:13:37.836] Elapsed:: 0.12000200152397156ms DirectoryWatcher:: Triggered with /home/thomas/Projects/emacs/OrgRoamForceGraphReact/build/server/pages/next/dist/pages/_error.js :: WatchInfo: /home/thomas/Projects/emacs/OrgRoamForceGraphReact 1 undefined Config: /home/thomas/Projects/emacs/OrgRoamForceGraphReact/tsconfig.json WatchType: Wild card directory
Info 177  [00:13:37.836] DirectoryWatcher:: Triggered with /home/thomas/Projects/emacs/OrgRoamForceGraphReact/build/server/pages/next/dist/pages :: WatchInfo: /home/thomas/Projects/emacs/OrgRoamForceGraphReact 1 undefined Config: /home/thomas/Projects/emacs/OrgRoamForceGraphReact/tsconfig.json WatchType: Wild card directory
Info 178  [00:13:37.836] Elapsed:: 0.0995749980211258ms DirectoryWatcher:: Triggered with /home/thomas/Projects/emacs/OrgRoamForceGraphReact/build/server/pages/next/dist/pages :: WatchInfo: /home/thomas/Projects/emacs/OrgRoamForceGraphReact 1 undefined Config: /home/thomas/Projects/emacs/OrgRoamForceGraphReact/tsconfig.json WatchType: Wild card directory
Info 179  [00:13:37.836] DirectoryWatcher:: Triggered with /home/thomas/Projects/emacs/OrgRoamForceGraphReact/build/server/pages/next/dist :: WatchInfo: /home/thomas/Projects/emacs/OrgRoamForceGraphReact 1 undefined Config: /home/thomas/Projects/emacs/OrgRoamForceGraphReact/tsconfig.json WatchType: Wild card directory
Info 180  [00:13:37.837] Elapsed:: 0.10100999474525452ms DirectoryWatcher:: Triggered with /home/thomas/Projects/emacs/OrgRoamForceGraphReact/build/server/pages/next/dist :: WatchInfo: /home/thomas/Projects/emacs/OrgRoamForceGraphReact 1 undefined Config: /home/thomas/Projects/emacs/OrgRoamForceGraphReact/tsconfig.json WatchType: Wild card directory
Info 181  [00:13:37.837] DirectoryWatcher:: Triggered with /home/thomas/Projects/emacs/OrgRoamForceGraphReact/build/server/pages/next :: WatchInfo: /home/thomas/Projects/emacs/OrgRoamForceGraphReact 1 undefined Config: /home/thomas/Projects/emacs/OrgRoamForceGraphReact/tsconfig.json WatchType: Wild card directory
Info 182  [00:13:37.837] Elapsed:: 0.09820199757814407ms DirectoryWatcher:: Triggered with /home/thomas/Projects/emacs/OrgRoamForceGraphReact/build/server/pages/next :: WatchInfo: /home/thomas/Projects/emacs/OrgRoamForceGraphReact 1 undefined Config: /home/thomas/Projects/emacs/OrgRoamForceGraphReact/tsconfig.json WatchType: Wild card directory
Info 183  [00:13:37.837] DirectoryWatcher:: Triggered with /home/thomas/Projects/emacs/OrgRoamForceGraphReact/build/static/chunks/pages/next :: WatchInfo: /home/thomas/Projects/emacs/OrgRoamForceGraphReact 1 undefined Config: /home/thomas/Projects/emacs/OrgRoamForceGraphReact/tsconfig.json WatchType: Wild card directory
Info 184  [00:13:37.837] Elapsed:: 0.10628999769687653ms DirectoryWatcher:: Triggered with /home/thomas/Projects/emacs/OrgRoamForceGraphReact/build/static/chunks/pages/next :: WatchInfo: /home/thomas/Projects/emacs/OrgRoamForceGraphReact 1 undefined Config: /home/thomas/Projects/emacs/OrgRoamForceGraphReact/tsconfig.json WatchType: Wild card directory
Info 185  [00:13:37.837] DirectoryWatcher:: Triggered with /home/thomas/Projects/emacs/OrgRoamForceGraphReact/build/server/pages :: WatchInfo: /home/thomas/Projects/emacs/OrgRoamForceGraphReact 1 undefined Config: /home/thomas/Projects/emacs/OrgRoamForceGraphReact/tsconfig.json WatchType: Wild card directory
Info 186  [00:13:37.837] Elapsed:: 0.092460997402668ms DirectoryWatcher:: Triggered with /home/thomas/Projects/emacs/OrgRoamForceGraphReact/build/server/pages :: WatchInfo: /home/thomas/Projects/emacs/OrgRoamForceGraphReact 1 undefined Config: /home/thomas/Projects/emacs/OrgRoamForceGraphReact/tsconfig.json WatchType: Wild card directory
Info 187  [00:13:37.837] DirectoryWatcher:: Triggered with /home/thomas/Projects/emacs/OrgRoamForceGraphReact/build/static/chunks/pages :: WatchInfo: /home/thomas/Projects/emacs/OrgRoamForceGraphReact 1 undefined Config: /home/thomas/Projects/emacs/OrgRoamForceGraphReact/tsconfig.json WatchType: Wild card directory
Info 188  [00:13:37.837] Elapsed:: 0.09180000424385071ms DirectoryWatcher:: Triggered with /home/thomas/Projects/emacs/OrgRoamForceGraphReact/build/static/chunks/pages :: WatchInfo: /home/thomas/Projects/emacs/OrgRoamForceGraphReact 1 undefined Config: /home/thomas/Projects/emacs/OrgRoamForceGraphReact/tsconfig.json WatchType: Wild card directory
Info 189  [00:13:37.838] DirectoryWatcher:: Triggered with /home/thomas/Projects/emacs/OrgRoamForceGraphReact/build/server :: WatchInfo: /home/thomas/Projects/emacs/OrgRoamForceGraphReact 1 undefined Config: /home/thomas/Projects/emacs/OrgRoamForceGraphReact/tsconfig.json WatchType: Wild card directory
Info 190  [00:13:37.838] Elapsed:: 0.09481199830770493ms DirectoryWatcher:: Triggered with /home/thomas/Projects/emacs/OrgRoamForceGraphReact/build/server :: WatchInfo: /home/thomas/Projects/emacs/OrgRoamForceGraphReact 1 undefined Config: /home/thomas/Projects/emacs/OrgRoamForceGraphReact/tsconfig.json WatchType: Wild card directory
Info 191  [00:13:37.838] DirectoryWatcher:: Triggered with /home/thomas/Projects/emacs/OrgRoamForceGraphReact/build/static/chunks :: WatchInfo: /home/thomas/Projects/emacs/OrgRoamForceGraphReact 1 undefined Config: /home/thomas/Projects/emacs/OrgRoamForceGraphReact/tsconfig.json WatchType: Wild card directory
Info 192  [00:13:37.838] Elapsed:: 0.11466999351978302ms DirectoryWatcher:: Triggered with /home/thomas/Projects/emacs/OrgRoamForceGraphReact/build/static/chunks :: WatchInfo: /home/thomas/Projects/emacs/OrgRoamForceGraphReact 1 undefined Config: /home/thomas/Projects/emacs/OrgRoamForceGraphReact/tsconfig.json WatchType: Wild card directory
Info 193  [00:13:37.839] DirectoryWatcher:: Triggered with /home/thomas/Projects/emacs/OrgRoamForceGraphReact/build/static :: WatchInfo: /home/thomas/Projects/emacs/OrgRoamForceGraphReact 1 undefined Config: /home/thomas/Projects/emacs/OrgRoamForceGraphReact/tsconfig.json WatchType: Wild card directory
Info 194  [00:13:37.839] Elapsed:: 0.1450989991426468ms DirectoryWatcher:: Triggered with /home/thomas/Projects/emacs/OrgRoamForceGraphReact/build/static :: WatchInfo: /home/thomas/Projects/emacs/OrgRoamForceGraphReact 1 undefined Config: /home/thomas/Projects/emacs/OrgRoamForceGraphReact/tsconfig.json WatchType: Wild card directory
Info 195  [00:13:38.114] Starting updateGraphWorker: Project: /home/thomas/Projects/emacs/OrgRoamForceGraphReact/tsconfig.json
Info 196  [00:13:38.118] Finishing updateGraphWorker: Project: /home/thomas/Projects/emacs/OrgRoamForceGraphReact/tsconfig.json Version: 9 structureChanged: false Elapsed: 4.289208002388477ms
Info 197  [00:13:38.850] DirectoryWatcher:: Triggered with /home/thomas/Projects/emacs/OrgRoamForceGraphReact :: WatchInfo: /home/thomas/Projects/emacs/OrgRoamForceGraphReact 1 undefined Config: /home/thomas/Projects/emacs/OrgRoamForceGraphReact/tsconfig.json WatchType: Wild card directory
Info 198  [00:13:38.850] Elapsed:: 0.11124400049448013ms DirectoryWatcher:: Triggered with /home/thomas/Projects/emacs/OrgRoamForceGraphReact :: WatchInfo: /home/thomas/Projects/emacs/OrgRoamForceGraphReact 1 undefined Config: /home/thomas/Projects/emacs/OrgRoamForceGraphReact/tsconfig.json WatchType: Wild card directory
Info 199  [00:13:39.133] Starting updateGraphWorker: Project: /home/thomas/Projects/emacs/OrgRoamForceGraphReact/tsconfig.json
Info 200  [00:13:39.147] Finishing updateGraphWorker: Project: /home/thomas/Projects/emacs/OrgRoamForceGraphReact/tsconfig.json Version: 10 structureChanged: false Elapsed: 14.407838001847267ms
Info 201  [00:13:41.350] Before ensureProjectForOpenFiles:
Info 202  [00:13:41.350] After ensureProjectForOpenFiles:
Info 203  [00:13:41.350] got projects updated in background, updating diagnostics for /home/thomas/Projects/emacs/OrgRoamForceGraphReact/pages/index.tsx
Info 204  [00:13:46.396] DirectoryWatcher:: Triggered with /home/thomas/Projects/emacs/OrgRoamForceGraphReact :: WatchInfo: /home/thomas/Projects/emacs/OrgRoamForceGraphReact 1 undefined Config: /home/thomas/Projects/emacs/OrgRoamForceGraphReact/tsconfig.json WatchType: Wild card directory
Info 205  [00:13:46.396] Elapsed:: 0.09456099569797516ms DirectoryWatcher:: Triggered with /home/thomas/Projects/emacs/OrgRoamForceGraphReact :: WatchInfo: /home/thomas/Projects/emacs/OrgRoamForceGraphReact 1 undefined Config: /home/thomas/Projects/emacs/OrgRoamForceGraphReact/tsconfig.json WatchType: Wild card directory
Info 206  [00:13:46.694] Starting updateGraphWorker: Project: /home/thomas/Projects/emacs/OrgRoamForceGraphReact/tsconfig.json
Info 207  [00:13:46.706] Finishing updateGraphWorker: Project: /home/thomas/Projects/emacs/OrgRoamForceGraphReact/tsconfig.json Version: 11 structureChanged: false Elapsed: 11.544262997806072ms
Info 208  [00:13:48.532] DirectoryWatcher:: Triggered with /home/thomas/Projects/emacs/OrgRoamForceGraphReact :: WatchInfo: /home/thomas/Projects/emacs/OrgRoamForceGraphReact 1 undefined Config: /home/thomas/Projects/emacs/OrgRoamForceGraphReact/tsconfig.json WatchType: Wild card directory
Info 209  [00:13:48.532] Elapsed:: 0.10059399902820587ms DirectoryWatcher:: Triggered with /home/thomas/Projects/emacs/OrgRoamForceGraphReact :: WatchInfo: /home/thomas/Projects/emacs/OrgRoamForceGraphReact 1 undefined Config: /home/thomas/Projects/emacs/OrgRoamForceGraphReact/tsconfig.json WatchType: Wild card directory
Info 210  [00:13:48.637] DirectoryWatcher:: Triggered with /home/thomas/Projects/emacs/OrgRoamForceGraphReact/build/export/_next/pWGCcN6In51gaA-4Ph1xA :: WatchInfo: /home/thomas/Projects/emacs/OrgRoamForceGraphReact 1 undefined Config: /home/thomas/Projects/emacs/OrgRoamForceGraphReact/tsconfig.json WatchType: Wild card directory
Info 211  [00:13:48.638] Elapsed:: 0.18261700123548508ms DirectoryWatcher:: Triggered with /home/thomas/Projects/emacs/OrgRoamForceGraphReact/build/export/_next/pWGCcN6In51gaA-4Ph1xA :: WatchInfo: /home/thomas/Projects/emacs/OrgRoamForceGraphReact 1 undefined Config: /home/thomas/Projects/emacs/OrgRoamForceGraphReact/tsconfig.json WatchType: Wild card directory
Info 212  [00:13:48.640] DirectoryWatcher:: Triggered with /home/thomas/Projects/emacs/OrgRoamForceGraphReact/build/export/_next :: WatchInfo: /home/thomas/Projects/emacs/OrgRoamForceGraphReact 1 undefined Config: /home/thomas/Projects/emacs/OrgRoamForceGraphReact/tsconfig.json WatchType: Wild card directory
Info 213  [00:13:48.640] Elapsed:: 0.13835499435663223ms DirectoryWatcher:: Triggered with /home/thomas/Projects/emacs/OrgRoamForceGraphReact/build/export/_next :: WatchInfo: /home/thomas/Projects/emacs/OrgRoamForceGraphReact 1 undefined Config: /home/thomas/Projects/emacs/OrgRoamForceGraphReact/tsconfig.json WatchType: Wild card directory
Info 214  [00:13:48.640] DirectoryWatcher:: Triggered with /home/thomas/Projects/emacs/OrgRoamForceGraphReact/build/export :: WatchInfo: /home/thomas/Projects/emacs/OrgRoamForceGraphReact 1 undefined Config: /home/thomas/Projects/emacs/OrgRoamForceGraphReact/tsconfig.json WatchType: Wild card directory
Info 215  [00:13:48.640] Elapsed:: 0.12505599856376648ms DirectoryWatcher:: Triggered with /home/thomas/Projects/emacs/OrgRoamForceGraphReact/build/export :: WatchInfo: /home/thomas/Projects/emacs/OrgRoamForceGraphReact 1 undefined Config: /home/thomas/Projects/emacs/OrgRoamForceGraphReact/tsconfig.json WatchType: Wild card directory
Info 216  [00:13:48.919] Starting updateGraphWorker: Project: /home/thomas/Projects/emacs/OrgRoamForceGraphReact/tsconfig.json
Info 217  [00:13:48.930] Finishing updateGraphWorker: Project: /home/thomas/Projects/emacs/OrgRoamForceGraphReact/tsconfig.json Version: 12 structureChanged: false Elapsed: 10.63841500133276ms
Info 218  [00:13:49.647] DirectoryWatcher:: Triggered with /home/thomas/Projects/emacs/OrgRoamForceGraphReact :: WatchInfo: /home/thomas/Projects/emacs/OrgRoamForceGraphReact 1 undefined Config: /home/thomas/Projects/emacs/OrgRoamForceGraphReact/tsconfig.json WatchType: Wild card directory
Info 219  [00:13:49.647] Elapsed:: 0.06965599954128265ms DirectoryWatcher:: Triggered with /home/thomas/Projects/emacs/OrgRoamForceGraphReact :: WatchInfo: /home/thomas/Projects/emacs/OrgRoamForceGraphReact 1 undefined Config: /home/thomas/Projects/emacs/OrgRoamForceGraphReact/tsconfig.json WatchType: Wild card directory
Info 220  [00:13:49.917] Starting updateGraphWorker: Project: /home/thomas/Projects/emacs/OrgRoamForceGraphReact/tsconfig.json
Info 221  [00:13:49.926] Finishing updateGraphWorker: Project: /home/thomas/Projects/emacs/OrgRoamForceGraphReact/tsconfig.json Version: 13 structureChanged: false Elapsed: 8.971962004899979ms
Info 222  [00:13:51.101] DirectoryWatcher:: Triggered with /home/thomas/Projects/emacs/OrgRoamForceGraphReact/out/_next/-28UdlH4N64fMnl5ZoZaU :: WatchInfo: /home/thomas/Projects/emacs/OrgRoamForceGraphReact 1 undefined Config: /home/thomas/Projects/emacs/OrgRoamForceGraphReact/tsconfig.json WatchType: Wild card directory
Info 223  [00:13:51.101] Elapsed:: 0.16421400010585785ms DirectoryWatcher:: Triggered with /home/thomas/Projects/emacs/OrgRoamForceGraphReact/out/_next/-28UdlH4N64fMnl5ZoZaU :: WatchInfo: /home/thomas/Projects/emacs/OrgRoamForceGraphReact 1 undefined Config: /home/thomas/Projects/emacs/OrgRoamForceGraphReact/tsconfig.json WatchType: Wild card directory
Info 224  [00:13:51.102] DirectoryWatcher:: Triggered with /home/thomas/Projects/emacs/OrgRoamForceGraphReact/out/_next/static/css/331301db207a91d407e5.css :: WatchInfo: /home/thomas/Projects/emacs/OrgRoamForceGraphReact 1 undefined Config: /home/thomas/Projects/emacs/OrgRoamForceGraphReact/tsconfig.json WatchType: Wild card directory
Info 225  [00:13:51.102] Project: /home/thomas/Projects/emacs/OrgRoamForceGraphReact/tsconfig.json Detected file add/remove of non supported extension: /home/thomas/Projects/emacs/OrgRoamForceGraphReact/out/_next/static/css/331301db207a91d407e5.css
Info 226  [00:13:51.102] Elapsed:: 0.06897800415754318ms DirectoryWatcher:: Triggered with /home/thomas/Projects/emacs/OrgRoamForceGraphReact/out/_next/static/css/331301db207a91d407e5.css :: WatchInfo: /home/thomas/Projects/emacs/OrgRoamForceGraphReact 1 undefined Config: /home/thomas/Projects/emacs/OrgRoamForceGraphReact/tsconfig.json WatchType: Wild card directory
Info 227  [00:13:51.102] DirectoryWatcher:: Triggered with /home/thomas/Projects/emacs/OrgRoamForceGraphReact/out/_next/static/-28UdlH4N64fMnl5ZoZaU :: WatchInfo: /home/thomas/Projects/emacs/OrgRoamForceGraphReact 1 undefined Config: /home/thomas/Projects/emacs/OrgRoamForceGraphReact/tsconfig.json WatchType: Wild card directory
Info 228  [00:13:51.102] Elapsed:: 0.11222900450229645ms DirectoryWatcher:: Triggered with /home/thomas/Projects/emacs/OrgRoamForceGraphReact/out/_next/static/-28UdlH4N64fMnl5ZoZaU :: WatchInfo: /home/thomas/Projects/emacs/OrgRoamForceGraphReact 1 undefined Config: /home/thomas/Projects/emacs/OrgRoamForceGraphReact/tsconfig.json WatchType: Wild card directory
Info 229  [00:13:51.102] DirectoryWatcher:: Triggered with /home/thomas/Projects/emacs/OrgRoamForceGraphReact/out/_next/static/css :: WatchInfo: /home/thomas/Projects/emacs/OrgRoamForceGraphReact 1 undefined Config: /home/thomas/Projects/emacs/OrgRoamForceGraphReact/tsconfig.json WatchType: Wild card directory
Info 230  [00:13:51.102] Elapsed:: 0.07935499399900436ms DirectoryWatcher:: Triggered with /home/thomas/Projects/emacs/OrgRoamForceGraphReact/out/_next/static/css :: WatchInfo: /home/thomas/Projects/emacs/OrgRoamForceGraphReact 1 undefined Config: /home/thomas/Projects/emacs/OrgRoamForceGraphReact/tsconfig.json WatchType: Wild card directory
Info 231  [00:13:51.102] DirectoryWatcher:: Triggered with /home/thomas/Projects/emacs/OrgRoamForceGraphReact/out/_next/static/chunks :: WatchInfo: /home/thomas/Projects/emacs/OrgRoamForceGraphReact 1 undefined Config: /home/thomas/Projects/emacs/OrgRoamForceGraphReact/tsconfig.json WatchType: Wild card directory
Info 232  [00:13:51.102] Elapsed:: 0.06927900016307831ms DirectoryWatcher:: Triggered with /home/thomas/Projects/emacs/OrgRoamForceGraphReact/out/_next/static/chunks :: WatchInfo: /home/thomas/Projects/emacs/OrgRoamForceGraphReact 1 undefined Config: /home/thomas/Projects/emacs/OrgRoamForceGraphReact/tsconfig.json WatchType: Wild card directory
Info 233  [00:13:51.102] DirectoryWatcher:: Triggered with /home/thomas/Projects/emacs/OrgRoamForceGraphReact/out/_next/static :: WatchInfo: /home/thomas/Projects/emacs/OrgRoamForceGraphReact 1 undefined Config: /home/thomas/Projects/emacs/OrgRoamForceGraphReact/tsconfig.json WatchType: Wild card directory
Info 234  [00:13:51.103] Elapsed:: 0.1020520031452179ms DirectoryWatcher:: Triggered with /home/thomas/Projects/emacs/OrgRoamForceGraphReact/out/_next/static :: WatchInfo: /home/thomas/Projects/emacs/OrgRoamForceGraphReact 1 undefined Config: /home/thomas/Projects/emacs/OrgRoamForceGraphReact/tsconfig.json WatchType: Wild card directory
Info 235  [00:13:51.362] Starting updateGraphWorker: Project: /home/thomas/Projects/emacs/OrgRoamForceGraphReact/tsconfig.json
Info 236  [00:13:51.367] Finishing updateGraphWorker: Project: /home/thomas/Projects/emacs/OrgRoamForceGraphReact/tsconfig.json Version: 14 structureChanged: false Elapsed: 4.393910005688667ms
Info 237  [00:13:52.632] DirectoryWatcher:: Triggered with /home/thomas/Projects/emacs/OrgRoamForceGraphReact :: WatchInfo: /home/thomas/Projects/emacs/OrgRoamForceGraphReact 1 undefined Config: /home/thomas/Projects/emacs/OrgRoamForceGraphReact/tsconfig.json WatchType: Wild card directory
Info 238  [00:13:52.632] Elapsed:: 0.28585800528526306ms DirectoryWatcher:: Triggered with /home/thomas/Projects/emacs/OrgRoamForceGraphReact :: WatchInfo: /home/thomas/Projects/emacs/OrgRoamForceGraphReact 1 undefined Config: /home/thomas/Projects/emacs/OrgRoamForceGraphReact/tsconfig.json WatchType: Wild card directory
Info 239  [00:13:52.931] Starting updateGraphWorker: Project: /home/thomas/Projects/emacs/OrgRoamForceGraphReact/tsconfig.json
Info 240  [00:13:52.938] Finishing updateGraphWorker: Project: /home/thomas/Projects/emacs/OrgRoamForceGraphReact/tsconfig.json Version: 15 structureChanged: false Elapsed: 6.634689994156361ms
Info 241  [00:13:55.133] Before ensureProjectForOpenFiles:
Info 242  [00:13:55.134] After ensureProjectForOpenFiles:
Info 243  [00:13:55.134] got projects updated in background, updating diagnostics for /home/thomas/Projects/emacs/OrgRoamForceGraphReact/pages/index.tsx
Info 244  [00:14:24.742] DirectoryWatcher:: Triggered with /home/thomas/Projects/emacs/OrgRoamForceGraphReact/build/cache/webpack/client-development/3.pack_ 0:: WatchInfo: /home/thomas/Projects/emacs/OrgRoamForceGraphReact 1 undefined Config: /home/thomas/Projects/emacs/OrgRoamForceGraphReact/tsconfig.json WatchType: Wild card directory
Info 245  [00:14:24.742] Project: /home/thomas/Projects/emacs/OrgRoamForceGraphReact/tsconfig.json Detected file add/remove of non supported extension: /home/thomas/Projects/emacs/OrgRoamForceGraphReact/build/cache/webpack/client-development/3.pack_
Info 246  [00:14:24.742] Elapsed:: 0.1414250060915947ms DirectoryWatcher:: Triggered with /home/thomas/Projects/emacs/OrgRoamForceGraphReact/build/cache/webpack/client-development/3.pack_ 0:: WatchInfo: /home/thomas/Projects/emacs/OrgRoamForceGraphReact 1 undefined Config: /home/thomas/Projects/emacs/OrgRoamForceGraphReact/tsconfig.json WatchType: Wild card directory
Info 247  [00:14:24.742] DirectoryWatcher:: Triggered with /home/thomas/Projects/emacs/OrgRoamForceGraphReact/build/cache/webpack/client-development/2.pack_ 1:: WatchInfo: /home/thomas/Projects/emacs/OrgRoamForceGraphReact 1 undefined Config: /home/thomas/Projects/emacs/OrgRoamForceGraphReact/tsconfig.json WatchType: Wild card directory
Info 248  [00:14:24.742] Project: /home/thomas/Projects/emacs/OrgRoamForceGraphReact/tsconfig.json Detected file add/remove of non supported extension: /home/thomas/Projects/emacs/OrgRoamForceGraphReact/build/cache/webpack/client-development/2.pack_
Info 249  [00:14:24.742] Elapsed:: 0.05841200053691864ms DirectoryWatcher:: Triggered with /home/thomas/Projects/emacs/OrgRoamForceGraphReact/build/cache/webpack/client-development/2.pack_ 1:: WatchInfo: /home/thomas/Projects/emacs/OrgRoamForceGraphReact 1 undefined Config: /home/thomas/Projects/emacs/OrgRoamForceGraphReact/tsconfig.json WatchType: Wild card directory
Info 250  [00:14:24.742] DirectoryWatcher:: Triggered with /home/thomas/Projects/emacs/OrgRoamForceGraphReact/build/cache/webpack/client-development/index.pack_ 2:: WatchInfo: /home/thomas/Projects/emacs/OrgRoamForceGraphReact 1 undefined Config: /home/thomas/Projects/emacs/OrgRoamForceGraphReact/tsconfig.json WatchType: Wild card directory
Info 251  [00:14:24.742] Project: /home/thomas/Projects/emacs/OrgRoamForceGraphReact/tsconfig.json Detected file add/remove of non supported extension: /home/thomas/Projects/emacs/OrgRoamForceGraphReact/build/cache/webpack/client-development/index.pack_
Info 252  [00:14:24.742] Elapsed:: 0.0527070015668869ms DirectoryWatcher:: Triggered with /home/thomas/Projects/emacs/OrgRoamForceGraphReact/build/cache/webpack/client-development/index.pack_ 2:: WatchInfo: /home/thomas/Projects/emacs/OrgRoamForceGraphReact 1 undefined Config: /home/thomas/Projects/emacs/OrgRoamForceGraphReact/tsconfig.json WatchType: Wild card directory
Info 253  [00:14:24.742] DirectoryWatcher:: Triggered with /home/thomas/Projects/emacs/OrgRoamForceGraphReact/build/cache/webpack/client-development/index.pack 3:: WatchInfo: /home/thomas/Projects/emacs/OrgRoamForceGraphReact 1 undefined Config: /home/thomas/Projects/emacs/OrgRoamForceGraphReact/tsconfig.json WatchType: Wild card directory
Info 254  [00:14:24.742] Project: /home/thomas/Projects/emacs/OrgRoamForceGraphReact/tsconfig.json Detected file add/remove of non supported extension: /home/thomas/Projects/emacs/OrgRoamForceGraphReact/build/cache/webpack/client-development/index.pack
Info 255  [00:14:24.742] Elapsed:: 0.06447499990463257ms DirectoryWatcher:: Triggered with /home/thomas/Projects/emacs/OrgRoamForceGraphReact/build/cache/webpack/client-development/index.pack 3:: WatchInfo: /home/thomas/Projects/emacs/OrgRoamForceGraphReact 1 undefined Config: /home/thomas/Projects/emacs/OrgRoamForceGraphReact/tsconfig.json WatchType: Wild card directory
Info 256  [00:14:24.742] DirectoryWatcher:: Triggered with /home/thomas/Projects/emacs/OrgRoamForceGraphReact/build/cache/webpack/client-development/index.pack.old 4:: WatchInfo: /home/thomas/Projects/emacs/OrgRoamForceGraphReact 1 undefined Config: /home/thomas/Projects/emacs/OrgRoamForceGraphReact/tsconfig.json WatchType: Wild card directory
Info 257  [00:14:24.742] Project: /home/thomas/Projects/emacs/OrgRoamForceGraphReact/tsconfig.json Detected file add/remove of non supported extension: /home/thomas/Projects/emacs/OrgRoamForceGraphReact/build/cache/webpack/client-development/index.pack.old
Info 258  [00:14:24.742] Elapsed:: 0.055507004261016846ms DirectoryWatcher:: Triggered with /home/thomas/Projects/emacs/OrgRoamForceGraphReact/build/cache/webpack/client-development/index.pack.old 4:: WatchInfo: /home/thomas/Projects/emacs/OrgRoamForceGraphReact 1 undefined Config: /home/thomas/Projects/emacs/OrgRoamForceGraphReact/tsconfig.json WatchType: Wild card directory
Info 259  [00:14:25.744] DirectoryWatcher:: Triggered with /home/thomas/Projects/emacs/OrgRoamForceGraphReact/build/cache/webpack/client-development/2.pack_ 0:: WatchInfo: /home/thomas/Projects/emacs/OrgRoamForceGraphReact 1 undefined Config: /home/thomas/Projects/emacs/OrgRoamForceGraphReact/tsconfig.json WatchType: Wild card directory
Info 260  [00:14:25.744] Project: /home/thomas/Projects/emacs/OrgRoamForceGraphReact/tsconfig.json Detected file add/remove of non supported extension: /home/thomas/Projects/emacs/OrgRoamForceGraphReact/build/cache/webpack/client-development/2.pack_
Info 261  [00:14:25.744] Elapsed:: 0.10818099975585938ms DirectoryWatcher:: Triggered with /home/thomas/Projects/emacs/OrgRoamForceGraphReact/build/cache/webpack/client-development/2.pack_ 0:: WatchInfo: /home/thomas/Projects/emacs/OrgRoamForceGraphReact 1 undefined Config: /home/thomas/Projects/emacs/OrgRoamForceGraphReact/tsconfig.json WatchType: Wild card directory
Info 262  [00:14:25.744] DirectoryWatcher:: Triggered with /home/thomas/Projects/emacs/OrgRoamForceGraphReact/build/cache/webpack/client-development/2.pack 1:: WatchInfo: /home/thomas/Projects/emacs/OrgRoamForceGraphReact 1 undefined Config: /home/thomas/Projects/emacs/OrgRoamForceGraphReact/tsconfig.json WatchType: Wild card directory
Info 263  [00:14:25.744] Project: /home/thomas/Projects/emacs/OrgRoamForceGraphReact/tsconfig.json Detected file add/remove of non supported extension: /home/thomas/Projects/emacs/OrgRoamForceGraphReact/build/cache/webpack/client-development/2.pack
Info 264  [00:14:25.744] Elapsed:: 0.06046699732542038ms DirectoryWatcher:: Triggered with /home/thomas/Projects/emacs/OrgRoamForceGraphReact/build/cache/webpack/client-development/2.pack 1:: WatchInfo: /home/thomas/Projects/emacs/OrgRoamForceGraphReact 1 undefined Config: /home/thomas/Projects/emacs/OrgRoamForceGraphReact/tsconfig.json WatchType: Wild card directory
Info 265  [00:14:25.744] DirectoryWatcher:: Triggered with /home/thomas/Projects/emacs/OrgRoamForceGraphReact/build/cache/webpack/client-development/3.pack_ 2:: WatchInfo: /home/thomas/Projects/emacs/OrgRoamForceGraphReact 1 undefined Config: /home/thomas/Projects/emacs/OrgRoamForceGraphReact/tsconfig.json WatchType: Wild card directory
Info 266  [00:14:25.744] Project: /home/thomas/Projects/emacs/OrgRoamForceGraphReact/tsconfig.json Detected file add/remove of non supported extension: /home/thomas/Projects/emacs/OrgRoamForceGraphReact/build/cache/webpack/client-development/3.pack_
Info 267  [00:14:25.744] Elapsed:: 0.06367199867963791ms DirectoryWatcher:: Triggered with /home/thomas/Projects/emacs/OrgRoamForceGraphReact/build/cache/webpack/client-development/3.pack_ 2:: WatchInfo: /home/thomas/Projects/emacs/OrgRoamForceGraphReact 1 undefined Config: /home/thomas/Projects/emacs/OrgRoamForceGraphReact/tsconfig.json WatchType: Wild card directory
Info 268  [00:14:25.744] DirectoryWatcher:: Triggered with /home/thomas/Projects/emacs/OrgRoamForceGraphReact/build/cache/webpack/client-development/3.pack 3:: WatchInfo: /home/thomas/Projects/emacs/OrgRoamForceGraphReact 1 undefined Config: /home/thomas/Projects/emacs/OrgRoamForceGraphReact/tsconfig.json WatchType: Wild card directory
Info 269  [00:14:25.744] Project: /home/thomas/Projects/emacs/OrgRoamForceGraphReact/tsconfig.json Detected file add/remove of non supported extension: /home/thomas/Projects/emacs/OrgRoamForceGraphReact/build/cache/webpack/client-development/3.pack
Info 270  [00:14:25.744] Elapsed:: 0.05783500522375107ms DirectoryWatcher:: Triggered with /home/thomas/Projects/emacs/OrgRoamForceGraphReact/build/cache/webpack/client-development/3.pack 3:: WatchInfo: /home/thomas/Projects/emacs/OrgRoamForceGraphReact 1 undefined Config: /home/thomas/Projects/emacs/OrgRoamForceGraphReact/tsconfig.json WatchType: Wild card directory
Info 271  [00:14:25.744] DirectoryWatcher:: Triggered with /home/thomas/Projects/emacs/OrgRoamForceGraphReact/build/cache/webpack/client-development/index.pack_ 4:: WatchInfo: /home/thomas/Projects/emacs/OrgRoamForceGraphReact 1 undefined Config: /home/thomas/Projects/emacs/OrgRoamForceGraphReact/tsconfig.json WatchType: Wild card directory
Info 272  [00:14:25.744] Project: /home/thomas/Projects/emacs/OrgRoamForceGraphReact/tsconfig.json Detected file add/remove of non supported extension: /home/thomas/Projects/emacs/OrgRoamForceGraphReact/build/cache/webpack/client-development/index.pack_
Info 273  [00:14:25.744] Elapsed:: 0.04774399846792221ms DirectoryWatcher:: Triggered with /home/thomas/Projects/emacs/OrgRoamForceGraphReact/build/cache/webpack/client-development/index.pack_ 4:: WatchInfo: /home/thomas/Projects/emacs/OrgRoamForceGraphReact 1 undefined Config: /home/thomas/Projects/emacs/OrgRoamForceGraphReact/tsconfig.json WatchType: Wild card directory
Info 274  [00:14:25.744] DirectoryWatcher:: Triggered with /home/thomas/Projects/emacs/OrgRoamForceGraphReact/build/cache/webpack/client-development/index.pack 5:: WatchInfo: /home/thomas/Projects/emacs/OrgRoamForceGraphReact 1 undefined Config: /home/thomas/Projects/emacs/OrgRoamForceGraphReact/tsconfig.json WatchType: Wild card directory
Info 275  [00:14:25.744] Project: /home/thomas/Projects/emacs/OrgRoamForceGraphReact/tsconfig.json Detected file add/remove of non supported extension: /home/thomas/Projects/emacs/OrgRoamForceGraphReact/build/cache/webpack/client-development/index.pack
Info 276  [00:14:25.745] Elapsed:: 0.050411999225616455ms DirectoryWatcher:: Triggered with /home/thomas/Projects/emacs/OrgRoamForceGraphReact/build/cache/webpack/client-development/index.pack 5:: WatchInfo: /home/thomas/Projects/emacs/OrgRoamForceGraphReact 1 undefined Config: /home/thomas/Projects/emacs/OrgRoamForceGraphReact/tsconfig.json WatchType: Wild card directory
